2024-01-25 12:47:46,115 - DEBUG - Running Event Loop of Instrument:EURUSD at ServerTime : 2024-01-25 12:47:46.114831  BrokerTime : 2024-01-25 11:47:41  for the New Short Signal Modified by Sourav
2024-01-25 12:47:46,125 - DEBUG - Checking DataFrameLastIndex and BrokerTime of Instrument : EURUSD BrokerTime: 2024-01-25 11:47:41 H4DfLastIndex : 2024-01-25 10:30:00
2024-01-25 12:47:46,135 - DEBUG - Retrying getting Latest candle for H4data of Instrument : EURUSD FalseBrokerTime: 2024-01-25 11:47:41 H4DfLastIndex : 2024-01-25 10:30:00 NowBrokerTime : 2024-01-25 11:47:41
2024-01-25 12:47:46,147 - DEBUG - Retrying getting Latest candle for H4data of Instrument : EURUSD FalseBrokerTime: 2024-01-25 11:47:41 H4DfLastIndex : 2024-01-25 10:30:00 NowBrokerTime : 2024-01-25 11:47:41
2024-01-25 12:47:46,242 - DEBUG - Retrying getting Latest candle for H4data of Instrument : EURUSD FalseBrokerTime: 2024-01-25 11:47:41 H4DfLastIndex : 2024-01-25 10:30:00 NowBrokerTime : 2024-01-25 11:47:41
2024-01-25 12:47:46,328 - DEBUG - Retrying getting Latest candle for H4data of Instrument : EURUSD FalseBrokerTime: 2024-01-25 11:47:41 H4DfLastIndex : 2024-01-25 10:30:00 NowBrokerTime : 2024-01-25 11:47:41
2024-01-25 12:47:46,371 - DEBUG - Retrying getting Latest candle for H4data of Instrument : EURUSD FalseBrokerTime: 2024-01-25 11:47:41 H4DfLastIndex : 2024-01-25 10:30:00 NowBrokerTime : 2024-01-25 11:47:41
2024-01-25 12:47:51,373 - DEBUG - No entry for signal1 of Instrument : EURUSD  close : 1.089 at BrokerTime : 2024-01-25 11:47:41
2024-01-25 12:47:51,487 - DEBUG - No entry for signal3 of Instrument : EURUSD  close : 1.089 at BrokerTime : 2024-01-25 11:47:41
2024-01-25 12:47:51,579 - DEBUG - No entry for signal4 of Instrument : EURUSD  close : 1.089 at BrokerTime : 2024-01-25 11:47:41
2024-01-25 12:47:51,655 - DEBUG - No entry for signal5 of Instrument : EURUSD  close : 1.089 at BrokerTime : 2024-01-25 11:47:41
2024-01-25 12:47:51,672 - DEBUG - Function Out of EURUSD at BrokerTime : 2024-01-25 11:47:41
2024-01-25 12:48:59,289 - DEBUG - Running Event Loop of Instrument:EURUSD at ServerTime : 2024-01-25 12:48:59.289826  BrokerTime : 2024-01-25 11:48:38  for the New Short Signal Modified by Sourav
2024-01-25 12:48:59,294 - DEBUG - Checking DataFrameLastIndex and BrokerTime of Instrument : EURUSD BrokerTime: 2024-01-25 11:48:38 H4DfLastIndex : 2024-01-25 10:30:00
2024-01-25 12:48:59,309 - DEBUG - Retrying getting Latest candle for H4data of Instrument : EURUSD FalseBrokerTime: 2024-01-25 11:48:38 H4DfLastIndex : 2024-01-25 10:30:00 NowBrokerTime : 2024-01-25 11:48:38
2024-01-25 12:48:59,475 - DEBUG - Retrying getting Latest candle for H4data of Instrument : EURUSD FalseBrokerTime: 2024-01-25 11:48:38 H4DfLastIndex : 2024-01-25 10:30:00 NowBrokerTime : 2024-01-25 11:48:38
2024-01-25 12:48:59,504 - DEBUG - Retrying getting Latest candle for H4data of Instrument : EURUSD FalseBrokerTime: 2024-01-25 11:48:38 H4DfLastIndex : 2024-01-25 10:30:00 NowBrokerTime : 2024-01-25 11:48:38
2024-01-25 12:48:59,595 - DEBUG - Retrying getting Latest candle for H4data of Instrument : EURUSD FalseBrokerTime: 2024-01-25 11:48:38 H4DfLastIndex : 2024-01-25 10:30:00 NowBrokerTime : 2024-01-25 11:48:38
2024-01-25 12:48:59,674 - DEBUG - Retrying getting Latest candle for H4data of Instrument : EURUSD FalseBrokerTime: 2024-01-25 11:48:38 H4DfLastIndex : 2024-01-25 10:30:00 NowBrokerTime : 2024-01-25 11:48:38
2024-01-25 12:49:06,728 - DEBUG - No entry for signal1 of Instrument : EURUSD  close : 1.08904 at BrokerTime : 2024-01-25 11:49:00
2024-01-25 12:49:06,822 - DEBUG - No entry for signal3 of Instrument : EURUSD  close : 1.08904 at BrokerTime : 2024-01-25 11:49:00
2024-01-25 12:49:07,073 - DEBUG - No entry for signal4 of Instrument : EURUSD  close : 1.08904 at BrokerTime : 2024-01-25 11:49:00
2024-01-25 12:49:07,167 - DEBUG - No entry for signal5 of Instrument : EURUSD  close : 1.08904 at BrokerTime : 2024-01-25 11:49:00
2024-01-25 12:49:07,179 - DEBUG - Function Out of EURUSD at BrokerTime : 2024-01-25 11:49:00
2024-01-25 12:51:38,162 - DEBUG - Running Event Loop of Instrument:EURUSD at ServerTime : 2024-01-25 12:51:38.162385  BrokerTime : 2024-01-25 11:51:38  for the New Short Signal Modified by Sourav
2024-01-25 12:51:38,168 - DEBUG - Checking DataFrameLastIndex and BrokerTime of Instrument : EURUSD BrokerTime: 2024-01-25 11:51:38 H4DfLastIndex : 2024-01-25 10:30:00
2024-01-25 12:51:38,207 - DEBUG - Retrying getting Latest candle for H4data of Instrument : EURUSD FalseBrokerTime: 2024-01-25 11:51:38 H4DfLastIndex : 2024-01-25 10:30:00 NowBrokerTime : 2024-01-25 11:51:38
2024-01-25 12:51:38,533 - DEBUG - Retrying getting Latest candle for H4data of Instrument : EURUSD FalseBrokerTime: 2024-01-25 11:51:38 H4DfLastIndex : 2024-01-25 10:30:00 NowBrokerTime : 2024-01-25 11:51:38
2024-01-25 12:51:38,728 - DEBUG - Retrying getting Latest candle for H4data of Instrument : EURUSD FalseBrokerTime: 2024-01-25 11:51:38 H4DfLastIndex : 2024-01-25 10:30:00 NowBrokerTime : 2024-01-25 11:51:38
2024-01-25 12:51:38,973 - DEBUG - Retrying getting Latest candle for H4data of Instrument : EURUSD FalseBrokerTime: 2024-01-25 11:51:38 H4DfLastIndex : 2024-01-25 10:30:00 NowBrokerTime : 2024-01-25 11:51:38
2024-01-25 12:51:39,082 - DEBUG - Retrying getting Latest candle for H4data of Instrument : EURUSD FalseBrokerTime: 2024-01-25 11:51:38 H4DfLastIndex : 2024-01-25 10:30:00 NowBrokerTime : 2024-01-25 11:51:39
2024-01-25 12:51:45,495 - DEBUG - No entry for signal1 of Instrument : EURUSD  close : 1.08888 at BrokerTime : 2024-01-25 11:51:41
2024-01-25 12:51:45,551 - DEBUG - No entry for signal3 of Instrument : EURUSD  close : 1.08888 at BrokerTime : 2024-01-25 11:51:41
2024-01-25 12:51:45,738 - DEBUG - No entry for signal4 of Instrument : EURUSD  close : 1.08888 at BrokerTime : 2024-01-25 11:51:41
2024-01-25 12:51:45,884 - DEBUG - No entry for signal5 of Instrument : EURUSD  close : 1.08888 at BrokerTime : 2024-01-25 11:51:41
2024-01-25 12:51:45,941 - DEBUG - Function Out of EURUSD at BrokerTime : 2024-01-25 11:51:41
2024-01-25 12:55:25,120 - DEBUG - Running Event Loop of Instrument:EURUSD at ServerTime : 2024-01-25 12:55:25.120761  BrokerTime : 2024-01-25 11:55:25  for the New Short Signal Modified by Sourav
2024-01-25 12:55:25,147 - DEBUG - Checking DataFrameLastIndex and BrokerTime of Instrument : EURUSD BrokerTime: 2024-01-25 11:55:25 H4DfLastIndex : 2024-01-25 10:30:00
2024-01-25 12:55:25,347 - DEBUG - Retrying getting Latest candle for H4data of Instrument : EURUSD FalseBrokerTime: 2024-01-25 11:55:25 H4DfLastIndex : 2024-01-25 10:30:00 NowBrokerTime : 2024-01-25 11:55:25
2024-01-25 12:55:25,384 - DEBUG - Retrying getting Latest candle for H4data of Instrument : EURUSD FalseBrokerTime: 2024-01-25 11:55:25 H4DfLastIndex : 2024-01-25 10:30:00 NowBrokerTime : 2024-01-25 11:55:25
2024-01-25 12:55:25,432 - DEBUG - Retrying getting Latest candle for H4data of Instrument : EURUSD FalseBrokerTime: 2024-01-25 11:55:25 H4DfLastIndex : 2024-01-25 10:30:00 NowBrokerTime : 2024-01-25 11:55:25
2024-01-25 12:55:25,462 - DEBUG - Retrying getting Latest candle for H4data of Instrument : EURUSD FalseBrokerTime: 2024-01-25 11:55:25 H4DfLastIndex : 2024-01-25 10:30:00 NowBrokerTime : 2024-01-25 11:55:25
2024-01-25 12:55:25,472 - DEBUG - Retrying getting Latest candle for H4data of Instrument : EURUSD FalseBrokerTime: 2024-01-25 11:55:25 H4DfLastIndex : 2024-01-25 10:30:00 NowBrokerTime : 2024-01-25 11:55:25
2024-01-25 12:55:34,282 - DEBUG - No entry for signal1 of Instrument : EURUSD  close : 1.08875 at BrokerTime : 2024-01-25 11:55:34
2024-01-25 12:55:34,450 - DEBUG - No entry for signal3 of Instrument : EURUSD  close : 1.08875 at BrokerTime : 2024-01-25 11:55:34
2024-01-25 12:55:34,540 - DEBUG - No entry for signal4 of Instrument : EURUSD  close : 1.08875 at BrokerTime : 2024-01-25 11:55:34
2024-01-25 12:55:34,705 - DEBUG - No entry for signal5 of Instrument : EURUSD  close : 1.08875 at BrokerTime : 2024-01-25 11:55:34
2024-01-25 12:55:34,746 - DEBUG - Function Out of EURUSD at BrokerTime : 2024-01-25 11:55:34
2024-01-25 12:56:39,938 - DEBUG - Running Event Loop of Instrument:EURUSD at ServerTime : 2024-01-25 12:56:39.938496  BrokerTime : 2024-01-25 11:56:35  for the New Short Signal Modified by Sourav
2024-01-25 12:56:39,941 - DEBUG - Checking DataFrameLastIndex and BrokerTime of Instrument : EURUSD BrokerTime: 2024-01-25 11:56:35 H4DfLastIndex : 2024-01-25 10:30:00
2024-01-25 12:56:39,943 - DEBUG - Retrying getting Latest candle for H4data of Instrument : EURUSD FalseBrokerTime: 2024-01-25 11:56:35 H4DfLastIndex : 2024-01-25 10:30:00 NowBrokerTime : 2024-01-25 11:56:35
2024-01-25 12:56:39,947 - DEBUG - Retrying getting Latest candle for H4data of Instrument : EURUSD FalseBrokerTime: 2024-01-25 11:56:35 H4DfLastIndex : 2024-01-25 10:30:00 NowBrokerTime : 2024-01-25 11:56:35
2024-01-25 12:56:39,956 - DEBUG - Retrying getting Latest candle for H4data of Instrument : EURUSD FalseBrokerTime: 2024-01-25 11:56:35 H4DfLastIndex : 2024-01-25 10:30:00 NowBrokerTime : 2024-01-25 11:56:35
2024-01-25 12:56:39,974 - DEBUG - Retrying getting Latest candle for H4data of Instrument : EURUSD FalseBrokerTime: 2024-01-25 11:56:35 H4DfLastIndex : 2024-01-25 10:30:00 NowBrokerTime : 2024-01-25 11:56:35
2024-01-25 12:56:40,131 - DEBUG - Retrying getting Latest candle for H4data of Instrument : EURUSD FalseBrokerTime: 2024-01-25 11:56:35 H4DfLastIndex : 2024-01-25 10:30:00 NowBrokerTime : 2024-01-25 11:56:35
2024-01-25 12:56:46,618 - DEBUG - No entry for signal1 of Instrument : EURUSD  close : 1.08875 at BrokerTime : 2024-01-25 11:56:44
2024-01-25 12:56:46,805 - DEBUG - No entry for signal3 of Instrument : EURUSD  close : 1.08875 at BrokerTime : 2024-01-25 11:56:44
2024-01-25 12:56:46,919 - DEBUG - No entry for signal4 of Instrument : EURUSD  close : 1.08875 at BrokerTime : 2024-01-25 11:56:44
2024-01-25 12:56:47,185 - DEBUG - No entry for signal5 of Instrument : EURUSD  close : 1.08875 at BrokerTime : 2024-01-25 11:56:44
2024-01-25 12:56:47,200 - DEBUG - Function Out of EURUSD at BrokerTime : 2024-01-25 11:56:44
