2024-02-21 11:15:43,199 - DEBUG - Got Long Indication Candle for signal1 GBPUSD at BrokerTime : 2024-02-21 12:15:35 ClosePrice : 1.26335 atr: 0.002349331691010511
2024-02-21 11:15:44,627 - INFO - Entry at 2024-02-21 12:15:35 for SignalID : GBPUSD_1_Long_Trail  , SL : 1.25835 , TP : 1.2663499999999999 ,Lotsize : 0.14 , OrderPrice : 1.26335 , ATR Value : 0.002349331691010511, comment : Request executed Flag : 0 OrderID : 34604137
2024-02-21 11:29:24,646 - DEBUG - Got Long Indication Candle for signal1 GBPUSD at BrokerTime : 2024-02-21 12:29:25 ClosePrice : 1.26338 atr: 0.002349331691010511
2024-02-21 11:29:26,113 - INFO - Entry Long at 2024-02-21 12:29:25 for SignalID : GBPUSD_1_Long_Trail  at EntryPrice : 1.26338  StopLoss : 1.25838 Target : 1.2663799999999998 Lotsize : 0.14 ATR Value : 0.002349331691010511 OrderComment : Request executed Flag : 0 OrderID : 34604685
2024-02-21 11:29:58,940 - DEBUG - AT the next Hour InTime -- SymbolName : GBPUSD BrokerTime : 2024-02-21 12:30:00
2024-02-21 11:31:32,842 - DEBUG - Signal1 Already have an active Trade of Instrument : GBPUSD ServerTime : 2024-02-21 11:31:32.841775
2024-02-21 11:31:43,239 - DEBUG - Function Out of GBPUSD at BrokerTime : 2024-02-21 12:31:43
2024-02-21 12:34:22,856 - INFO - Manually Closed the order for GBPUSD of OrderID : 34604685.0
2024-02-21 12:34:26,799 - DEBUG - Function Out after the Exit trade of GBPUSD at BrokerTime : 2024-02-21 13:34:28
2024-02-21 11:00:00,093 - DEBUG - AT the next Hour InTime -- SymbolName : GBPUSD BrokerTime : 2024-02-21 12:00:00
2024-02-21 11:00:09,313 - DEBUG - Got Long Indication Candle for signal1 GBPUSD at BrokerTime : 2024-02-21 12:00:08 ClosePrice : 1.26117 atr: 0.002480855735152104
2024-02-21 11:00:10,431 - INFO - Entry Long at 2024-02-21 12:00:08 for SignalID : GBPUSD_1_Long_Trail  at EntryPrice : 1.26118  StopLoss : 1.25618 Target : 1.2641799999999999 Lotsize : 0.14 ATR Value : 0.002480855735152104 OrderComment : Request executed Flag : 0 OrderID : 34620441
2024-02-21 15:00:00,356 - DEBUG - AT the next Hour InTime -- SymbolName : GBPUSD BrokerTime : 2024-02-21 16:00:00
2024-02-21 15:11:13,410 - DEBUG - Signal1 Already have an active Trade of Instrument : GBPUSD ServerTime : 2024-02-21 15:11:13.410801
2024-02-21 15:11:25,014 - DEBUG - Function Out of GBPUSD at BrokerTime : 2024-02-21 16:11:24
2024-02-21 19:00:00,111 - DEBUG - AT the next Hour InTime -- SymbolName : GBPUSD BrokerTime : 2024-02-21 20:00:00
2024-02-21 19:08:16,815 - DEBUG - Signal1 Already have an active Trade of Instrument : GBPUSD ServerTime : 2024-02-21 19:08:16.814627
2024-02-21 19:08:27,820 - DEBUG - Function Out of GBPUSD at BrokerTime : 2024-02-21 20:08:25
2024-02-21 20:04:21,848 - INFO - First Trailing Step Hit at BrokerTime : 2024-02-21 21:04:21 at CMP : 1.26419 , NewSL : 1.26128 NewTP : 1.2642799999999998 Flag : 1.0 of OrderID : 34620441.0
2024-02-22 01:18:54,360 - INFO - Trailing for GBPUSD of Signal : 1.0 at BrokerTime : 2024-02-22 02:18:54 at CMP : 1.26429 , NewSL : 1.26138 NewTP : 1.2643799999999998 Flag : 1.0 of OrderID : 34620441.0
2024-02-22 01:21:20,238 - INFO - Trailing for GBPUSD of Signal : 1.0 at BrokerTime : 2024-02-22 02:21:20 at CMP : 1.26438 , NewSL : 1.26148 NewTP : 1.2644799999999998 Flag : 1.0 of OrderID : 34620441.0
2024-02-22 01:38:59,717 - INFO - Trailing for GBPUSD of Signal : 1.0 at BrokerTime : 2024-02-22 02:38:59 at CMP : 1.26449 , NewSL : 1.26158 NewTP : 1.2645799999999998 Flag : 1.0 of OrderID : 34620441.0
2024-02-22 01:47:21,280 - INFO - Trailing for GBPUSD of Signal : 1.0 at BrokerTime : 2024-02-22 02:47:21 at CMP : 1.26458 , NewSL : 1.26168 NewTP : 1.2646799999999998 Flag : 1.0 of OrderID : 34620441.0
2024-02-22 01:48:01,853 - INFO - Trailing for GBPUSD of Signal : 1.0 at BrokerTime : 2024-02-22 02:48:01 at CMP : 1.26468 , NewSL : 1.26178 NewTP : 1.2647799999999998 Flag : 1.0 of OrderID : 34620441.0
2024-02-22 03:00:00,075 - DEBUG - AT the next Hour InTime -- SymbolName : GBPUSD BrokerTime : 2024-02-22 04:00:00
2024-02-22 03:05:05,955 - DEBUG - Signal1 Already have an active Trade of Instrument : GBPUSD ServerTime : 2024-02-22 03:05:05.954911
2024-02-22 03:05:17,800 - DEBUG - Function Out of GBPUSD at BrokerTime : 2024-02-22 04:05:16
2024-02-22 06:47:53,792 - INFO - Trailing for GBPUSD of Signal : 1.0 at BrokerTime : 2024-02-22 07:47:53 at CMP : 1.26478 , NewSL : 1.26188 NewTP : 1.2648799999999998 Flag : 1.0 of OrderID : 34620441.0
2024-02-22 07:00:00,394 - DEBUG - AT the next Hour InTime -- SymbolName : GBPUSD BrokerTime : 2024-02-22 08:00:00
2024-02-22 07:08:01,699 - DEBUG - Signal1 Already have an active Trade of Instrument : GBPUSD ServerTime : 2024-02-22 07:08:01.699627
2024-02-22 07:08:12,475 - DEBUG - Function Out of GBPUSD at BrokerTime : 2024-02-22 08:08:11
2024-02-22 07:34:29,514 - INFO - Trailing for GBPUSD of Signal : 1.0 at BrokerTime : 2024-02-22 08:34:29 at CMP : 1.26488 , NewSL : 1.2619799999999999 NewTP : 1.2649799999999998 Flag : 1.0 of OrderID : 34620441.0
2024-02-22 07:37:08,501 - INFO - Trailing for GBPUSD of Signal : 1.0 at BrokerTime : 2024-02-22 08:37:08 at CMP : 1.26498 , NewSL : 1.2620799999999999 NewTP : 1.2650799999999998 Flag : 1.0 of OrderID : 34620441.0
2024-02-22 07:51:04,126 - INFO - Trailing for GBPUSD of Signal : 1.0 at BrokerTime : 2024-02-22 08:51:04 at CMP : 1.26508 , NewSL : 1.2621799999999999 NewTP : 1.2651799999999997 Flag : 1.0 of OrderID : 34620441.0
2024-02-22 08:06:17,299 - INFO - Trailing for GBPUSD of Signal : 1.0 at BrokerTime : 2024-02-22 09:06:17 at CMP : 1.26518 , NewSL : 1.2622799999999998 NewTP : 1.2652799999999997 Flag : 1.0 of OrderID : 34620441.0
2024-02-22 08:06:51,104 - INFO - Trailing for GBPUSD of Signal : 1.0 at BrokerTime : 2024-02-22 09:06:51 at CMP : 1.26529 , NewSL : 1.2623799999999998 NewTP : 1.2653799999999997 Flag : 1.0 of OrderID : 34620441.0
2024-02-22 08:07:18,319 - INFO - Trailing for GBPUSD of Signal : 1.0 at BrokerTime : 2024-02-22 09:07:18 at CMP : 1.26539 , NewSL : 1.2624799999999998 NewTP : 1.2654799999999997 Flag : 1.0 of OrderID : 34620441.0
2024-02-22 08:08:12,666 - INFO - Trailing for GBPUSD of Signal : 1.0 at BrokerTime : 2024-02-22 09:08:12 at CMP : 1.26548 , NewSL : 1.2625799999999998 NewTP : 1.2655799999999997 Flag : 1.0 of OrderID : 34620441.0
2024-02-22 08:10:15,672 - INFO - Trailing for GBPUSD of Signal : 1.0 at BrokerTime : 2024-02-22 09:10:15 at CMP : 1.2657 , NewSL : 1.2626799999999998 NewTP : 1.2656799999999997 Flag : 1.0 of OrderID : 34620441.0
2024-02-22 08:10:17,062 - INFO - Trailing for GBPUSD of Signal : 1.0 at BrokerTime : 2024-02-22 09:10:17 at CMP : 1.26572 , NewSL : 1.2627799999999998 NewTP : 1.2657799999999997 Flag : 1.0 of OrderID : 34620441.0
2024-02-22 08:11:09,568 - INFO - Trailing for GBPUSD of Signal : 1.0 at BrokerTime : 2024-02-22 09:11:09 at CMP : 1.26578 , NewSL : 1.2628799999999998 NewTP : 1.2658799999999997 Flag : 1.0 of OrderID : 34620441.0
2024-02-22 08:16:06,058 - INFO - Trailing for GBPUSD of Signal : 1.0 at BrokerTime : 2024-02-22 09:16:05 at CMP : 1.2658800000000001 , NewSL : 1.2629799999999998 NewTP : 1.2659799999999997 Flag : 1.0 of OrderID : 34620441.0
2024-02-22 08:16:23,474 - INFO - Trailing for GBPUSD of Signal : 1.0 at BrokerTime : 2024-02-22 09:16:23 at CMP : 1.2659799999999999 , NewSL : 1.2630799999999998 NewTP : 1.2660799999999997 Flag : 1.0 of OrderID : 34620441.0
2024-02-22 08:16:38,159 - INFO - Trailing for GBPUSD of Signal : 1.0 at BrokerTime : 2024-02-22 09:16:38 at CMP : 1.26609 , NewSL : 1.2631799999999997 NewTP : 1.2661799999999996 Flag : 1.0 of OrderID : 34620441.0
2024-02-22 08:17:55,469 - INFO - Trailing for GBPUSD of Signal : 1.0 at BrokerTime : 2024-02-22 09:17:55 at CMP : 1.26618 , NewSL : 1.2632799999999997 NewTP : 1.2662799999999996 Flag : 1.0 of OrderID : 34620441.0
2024-02-22 08:18:44,951 - INFO - Trailing for GBPUSD of Signal : 1.0 at BrokerTime : 2024-02-22 09:18:44 at CMP : 1.26628 , NewSL : 1.2633799999999997 NewTP : 1.2663799999999996 Flag : 1.0 of OrderID : 34620441.0
2024-02-22 11:00:00,278 - DEBUG - AT the next Hour InTime -- SymbolName : GBPUSD BrokerTime : 2024-02-22 12:00:00
2024-02-22 11:00:09,915 - DEBUG - Got Long Indication Candle for signal1 GBPUSD at BrokerTime : 2024-02-22 12:00:08 ClosePrice : 1.26761 atr: 0.0030262780404359084
2024-02-22 11:00:11,029 - INFO - Entry Long at 2024-02-22 12:00:08 for SignalID : GBPUSD_1_Long_Trail  at EntryPrice : 1.26763  StopLoss : 1.2626300000000001 Target : 1.27063 Lotsize : 0.14 ATR Value : 0.0030262780404359084 OrderComment : Request executed Flag : 0 OrderID : 34719504
2024-02-22 15:00:00,310 - DEBUG - AT the next Hour InTime -- SymbolName : GBPUSD BrokerTime : 2024-02-22 16:00:00
2024-02-22 15:00:33,888 - INFO - SL hit for GBPUSD Long BrokerTime : 2024-02-22 16:00:33 SL : 1.2626300000000001 TP : 1.27063 ,Signal : 1.0 CloseOrderComment : Request executed
2024-02-22 15:00:44,342 - DEBUG - Function Out after the Exit trade of GBPUSD at BrokerTime : 2024-02-22 16:00:44
2024-02-22 15:06:57,570 - DEBUG - Got Long Indication Candle for signal1 GBPUSD at BrokerTime : 2024-02-22 16:06:42 ClosePrice : 1.26285 atr: 0.0035053811775165003
2024-02-22 15:07:00,788 - INFO - Entry Long at 2024-02-22 16:06:42 for SignalID : GBPUSD_1_Long_Trail  at EntryPrice : 1.2625199999999999  StopLoss : 1.25752 Target : 1.2655199999999998 Lotsize : 0.14 ATR Value : 0.0035053811775165003 OrderComment : Request executed Flag : 0 OrderID : 34738384
2024-02-22 18:30:24,291 - INFO - First Trailing Step Hit at BrokerTime : 2024-02-22 19:30:24 at CMP : 1.26552 , NewSL : 1.2626199999999999 NewTP : 1.2656199999999997 Flag : 1.0 of OrderID : 34738384.0
2024-02-22 18:32:12,390 - INFO - Trailing for GBPUSD of Signal : 1.0 at BrokerTime : 2024-02-22 19:32:12 at CMP : 1.26563 , NewSL : 1.2627199999999998 NewTP : 1.2657199999999997 Flag : 1.0 of OrderID : 34738384.0
2024-02-22 18:39:56,139 - INFO - Trailing for GBPUSD of Signal : 1.0 at BrokerTime : 2024-02-22 19:39:56 at CMP : 1.26572 , NewSL : 1.2628199999999998 NewTP : 1.2658199999999997 Flag : 1.0 of OrderID : 34738384.0
2024-02-22 18:44:22,896 - INFO - Trailing for GBPUSD of Signal : 1.0 at BrokerTime : 2024-02-22 19:44:22 at CMP : 1.26582 , NewSL : 1.2629199999999998 NewTP : 1.2659199999999997 Flag : 1.0 of OrderID : 34738384.0
2024-02-22 18:57:53,296 - INFO - Trailing for GBPUSD of Signal : 1.0 at BrokerTime : 2024-02-22 19:57:53 at CMP : 1.26594 , NewSL : 1.2630199999999998 NewTP : 1.2660199999999997 Flag : 1.0 of OrderID : 34738384.0
2024-02-22 19:00:00,360 - DEBUG - AT the next Hour InTime -- SymbolName : GBPUSD BrokerTime : 2024-02-22 20:00:00
2024-02-22 19:06:16,279 - DEBUG - Signal1 Already have an active Trade of Instrument : GBPUSD ServerTime : 2024-02-22 19:06:16.279602
2024-02-22 19:06:28,102 - DEBUG - Function Out of GBPUSD at BrokerTime : 2024-02-22 20:06:26
2024-02-22 19:31:32,871 - INFO - Trailing for GBPUSD of Signal : 1.0 at BrokerTime : 2024-02-22 20:31:32 at CMP : 1.26604 , NewSL : 1.2631199999999998 NewTP : 1.2661199999999997 Flag : 1.0 of OrderID : 34738384.0
2024-02-22 19:38:38,563 - INFO - Trailing for GBPUSD of Signal : 1.0 at BrokerTime : 2024-02-22 20:38:38 at CMP : 1.26612 , NewSL : 1.2632199999999998 NewTP : 1.2662199999999997 Flag : 1.0 of OrderID : 34738384.0
2024-02-22 19:39:54,464 - INFO - Trailing for GBPUSD of Signal : 1.0 at BrokerTime : 2024-02-22 20:39:54 at CMP : 1.26624 , NewSL : 1.2633199999999998 NewTP : 1.2663199999999997 Flag : 1.0 of OrderID : 34738384.0
2024-02-22 20:06:44,504 - INFO - Trailing for GBPUSD of Signal : 1.0 at BrokerTime : 2024-02-22 21:06:44 at CMP : 1.26632 , NewSL : 1.2634199999999998 NewTP : 1.2664199999999997 Flag : 1.0 of OrderID : 34738384.0
2024-02-22 20:07:19,559 - INFO - Trailing for GBPUSD of Signal : 1.0 at BrokerTime : 2024-02-22 21:07:19 at CMP : 1.26643 , NewSL : 1.2635199999999998 NewTP : 1.2665199999999996 Flag : 1.0 of OrderID : 34738384.0
2024-02-23 00:42:21,420 - INFO - Trailing for GBPUSD of Signal : 1.0 at BrokerTime : 2024-02-23 01:42:21 at CMP : 1.26653 , NewSL : 1.2636199999999997 NewTP : 1.2666199999999996 Flag : 1.0 of OrderID : 34738384.0
2024-02-23 01:09:18,326 - INFO - Trailing for GBPUSD of Signal : 1.0 at BrokerTime : 2024-02-23 02:09:18 at CMP : 1.26662 , NewSL : 1.2637199999999997 NewTP : 1.2667199999999996 Flag : 1.0 of OrderID : 34738384.0
2024-02-23 03:00:00,510 - DEBUG - AT the next Hour InTime -- SymbolName : GBPUSD BrokerTime : 2024-02-23 04:00:00
2024-02-23 03:03:54,000 - DEBUG - Signal1 Already have an active Trade of Instrument : GBPUSD ServerTime : 2024-02-23 03:03:53.999916
2024-02-23 03:04:07,338 - DEBUG - Function Out of GBPUSD at BrokerTime : 2024-02-23 04:04:05
2024-02-23 15:59:36,311 - DEBUG - AT the next Hour InTime -- SymbolName : GBPUSD BrokerTime : 2024-02-23 12:29:30
2024-02-23 15:59:39,051 - DEBUG - No entry for signal0 of Instrument : GBPUSD  close : 1.2656100000000001 at BrokerTime : 2024-02-23 16:59:34
2024-02-23 15:59:49,059 - DEBUG - Function Out of GBPUSD at BrokerTime : 2024-02-23 16:59:34
2024-02-23 17:33:43,584 - DEBUG - Got Long Indication Candle for signal0 GBPUSD at BrokerTime : 2024-02-23 18:33:43 ClosePrice : 1.2683200000000001 atr: 0.0028715031510527554
2024-02-23 17:33:45,074 - INFO - Entry Long at 2024-02-23 18:33:43 for SignalID : GBPUSD_0_Long_Trail  at EntryPrice : 1.26825  StopLoss : 1.2632500000000002 Target : 1.27125 Lotsize : 0.14 ATR Value : 0.0028715031510527554 OrderComment : Request executed Flag : 0 OrderID : 34801636
2024-02-23 17:36:15,081 - DEBUG - Got Long Indication Candle for signal0 GBPUSD at BrokerTime : 2024-02-23 18:36:14 ClosePrice : 1.26807 atr: 0.0028715031510527554
2024-02-23 17:36:16,555 - INFO - Entry Long at 2024-02-23 18:36:14 for SignalID : GBPUSD_0_Long_Trail  at EntryPrice : 1.2681  StopLoss : 1.2631000000000001 Target : 1.2711 Lotsize : 0.14 ATR Value : 0.0028715031510527554 OrderComment : Request executed Flag : 0 OrderID : 34801806
2024-02-26 17:57:18,651 - DEBUG - No entry for signal3 of Instrument : GBPUSD  close : 1.26955 at BrokerTime : 2024-02-26 18:57:17
2024-02-26 17:57:28,720 - DEBUG - Function Out of GBPUSD at BrokerTime : 2024-02-26 18:57:25
2024-02-26 17:59:04,592 - DEBUG - No entry for signal3 of Instrument : GBPUSD  close : 1.26945 at BrokerTime : 2024-02-26 18:59:01
2024-02-26 17:59:14,632 - DEBUG - Function Out of GBPUSD at BrokerTime : 2024-02-26 18:59:13
2024-02-26 18:01:16,035 - DEBUG - No entry for signal3 of Instrument : GBPUSD  close : 1.26926 at BrokerTime : 2024-02-26 19:01:13
2024-02-26 18:02:04,263 - DEBUG - No entry for signal3 of Instrument : GBPUSD  close : 1.26928 at BrokerTime : 2024-02-26 19:02:01
2024-02-26 18:02:04,263 - DEBUG - No entry for signal3 of Instrument : GBPUSD  close : 1.26928 at BrokerTime : 2024-02-26 19:02:01
2024-02-26 18:02:05,505 - DEBUG - No entry for signal15 of Instrument : GBPUSD  close : 1.26931 at BrokerTime : 2024-02-26 19:02:05
2024-02-26 18:02:05,505 - DEBUG - No entry for signal15 of Instrument : GBPUSD  close : 1.26931 at BrokerTime : 2024-02-26 19:02:05
2024-02-26 18:02:05,844 - DEBUG - No entry for signal16 of Instrument : GBPUSD  close : 1.26931 at BrokerTime : 2024-02-26 19:02:05
2024-02-26 18:02:05,844 - DEBUG - No entry for signal16 of Instrument : GBPUSD  close : 1.26931 at BrokerTime : 2024-02-26 19:02:05
2024-02-26 18:02:14,313 - DEBUG - Function Out of GBPUSD at BrokerTime : 2024-02-26 19:02:14
2024-02-26 18:02:14,313 - DEBUG - Function Out of GBPUSD at BrokerTime : 2024-02-26 19:02:14
2024-02-26 18:02:15,912 - DEBUG - Function Out of GBPUSD at BrokerTime : 2024-02-26 19:02:15
2024-02-26 18:02:15,912 - DEBUG - Function Out of GBPUSD at BrokerTime : 2024-02-26 19:02:15
2024-02-26 18:03:04,629 - DEBUG - No entry for signal15 of Instrument : GBPUSD  close : 1.26916 at BrokerTime : 2024-02-26 19:03:02
2024-02-26 18:03:04,629 - DEBUG - No entry for signal15 of Instrument : GBPUSD  close : 1.26916 at BrokerTime : 2024-02-26 19:03:02
2024-02-26 18:03:04,813 - DEBUG - No entry for signal16 of Instrument : GBPUSD  close : 1.26916 at BrokerTime : 2024-02-26 19:03:02
2024-02-26 18:03:04,839 - DEBUG - No entry for signal3 of Instrument : GBPUSD  close : 1.26916 at BrokerTime : 2024-02-26 19:03:02
2024-02-26 18:03:04,813 - DEBUG - No entry for signal16 of Instrument : GBPUSD  close : 1.26916 at BrokerTime : 2024-02-26 19:03:02
2024-02-26 18:03:04,839 - DEBUG - No entry for signal3 of Instrument : GBPUSD  close : 1.26916 at BrokerTime : 2024-02-26 19:03:02
2024-02-26 18:03:15,037 - DEBUG - Function Out of GBPUSD at BrokerTime : 2024-02-26 19:03:14
2024-02-26 18:03:15,037 - DEBUG - Function Out of GBPUSD at BrokerTime : 2024-02-26 19:03:14
2024-02-26 18:03:15,081 - DEBUG - Function Out of GBPUSD at BrokerTime : 2024-02-26 19:03:14
2024-02-26 18:03:15,081 - DEBUG - Function Out of GBPUSD at BrokerTime : 2024-02-26 19:03:14
2024-02-26 18:04:07,983 - DEBUG - No entry for signal15 of Instrument : GBPUSD  close : 1.26928 at BrokerTime : 2024-02-26 19:04:06
2024-02-26 18:04:07,983 - DEBUG - No entry for signal15 of Instrument : GBPUSD  close : 1.26928 at BrokerTime : 2024-02-26 19:04:06
2024-02-26 18:04:08,175 - DEBUG - No entry for signal16 of Instrument : GBPUSD  close : 1.26928 at BrokerTime : 2024-02-26 19:04:08
2024-02-26 18:04:08,175 - DEBUG - No entry for signal16 of Instrument : GBPUSD  close : 1.26928 at BrokerTime : 2024-02-26 19:04:08
2024-02-26 18:04:09,036 - DEBUG - No entry for signal3 of Instrument : GBPUSD  close : 1.26926 at BrokerTime : 2024-02-26 19:04:08
2024-02-26 18:04:09,036 - DEBUG - No entry for signal3 of Instrument : GBPUSD  close : 1.26926 at BrokerTime : 2024-02-26 19:04:08
2024-02-26 18:04:18,236 - DEBUG - Function Out of GBPUSD at BrokerTime : 2024-02-26 19:04:18
2024-02-26 18:04:18,236 - DEBUG - Function Out of GBPUSD at BrokerTime : 2024-02-26 19:04:18
2024-02-26 18:04:19,099 - DEBUG - Function Out of GBPUSD at BrokerTime : 2024-02-26 19:04:18
2024-02-26 18:04:19,099 - DEBUG - Function Out of GBPUSD at BrokerTime : 2024-02-26 19:04:18
2024-02-26 18:08:55,097 - DEBUG - No entry for signal3 of Instrument : GBPUSD  close : 1.26899 at BrokerTime : 2024-02-26 19:08:54
2024-02-26 18:08:55,097 - DEBUG - No entry for signal3 of Instrument : GBPUSD  close : 1.26899 at BrokerTime : 2024-02-26 19:08:54
2024-02-26 18:08:55,988 - DEBUG - No entry for signal15 of Instrument : GBPUSD  close : 1.2690000000000001 at BrokerTime : 2024-02-26 19:08:54
2024-02-26 18:08:55,988 - DEBUG - No entry for signal15 of Instrument : GBPUSD  close : 1.2690000000000001 at BrokerTime : 2024-02-26 19:08:54
2024-02-26 18:08:56,005 - DEBUG - No entry for signal16 of Instrument : GBPUSD  close : 1.2690000000000001 at BrokerTime : 2024-02-26 19:08:54
2024-02-26 18:08:56,005 - DEBUG - No entry for signal16 of Instrument : GBPUSD  close : 1.2690000000000001 at BrokerTime : 2024-02-26 19:08:54
2024-02-26 18:09:05,138 - DEBUG - Function Out of GBPUSD at BrokerTime : 2024-02-26 19:09:05
2024-02-26 18:09:05,138 - DEBUG - Function Out of GBPUSD at BrokerTime : 2024-02-26 19:09:05
2024-02-26 18:09:06,074 - DEBUG - Function Out of GBPUSD at BrokerTime : 2024-02-26 19:09:05
2024-02-26 18:09:06,074 - DEBUG - Function Out of GBPUSD at BrokerTime : 2024-02-26 19:09:05
2024-02-26 18:13:53,433 - DEBUG - No entry for signal15 of Instrument : GBPUSD  close : 1.26889 at BrokerTime : 2024-02-26 19:13:52
2024-02-26 18:13:53,433 - DEBUG - No entry for signal15 of Instrument : GBPUSD  close : 1.26889 at BrokerTime : 2024-02-26 19:13:52
2024-02-26 18:13:53,486 - DEBUG - No entry for signal16 of Instrument : GBPUSD  close : 1.26889 at BrokerTime : 2024-02-26 19:13:52
2024-02-26 18:13:53,486 - DEBUG - No entry for signal16 of Instrument : GBPUSD  close : 1.26889 at BrokerTime : 2024-02-26 19:13:52
2024-02-26 18:13:53,518 - DEBUG - No entry for signal3 of Instrument : GBPUSD  close : 1.26888 at BrokerTime : 2024-02-26 19:13:52
2024-02-26 18:13:53,518 - DEBUG - No entry for signal3 of Instrument : GBPUSD  close : 1.26888 at BrokerTime : 2024-02-26 19:13:52
2024-02-26 18:14:03,505 - DEBUG - Function Out of GBPUSD at BrokerTime : 2024-02-26 19:14:03
2024-02-26 18:14:03,505 - DEBUG - Function Out of GBPUSD at BrokerTime : 2024-02-26 19:14:03
2024-02-26 18:14:03,545 - DEBUG - Function Out of GBPUSD at BrokerTime : 2024-02-26 19:14:03
2024-02-26 18:14:03,545 - DEBUG - Function Out of GBPUSD at BrokerTime : 2024-02-26 19:14:03
2024-02-26 18:14:53,490 - DEBUG - No entry for signal15 of Instrument : GBPUSD  close : 1.2689599999999999 at BrokerTime : 2024-02-26 19:14:52
2024-02-26 18:14:53,490 - DEBUG - No entry for signal15 of Instrument : GBPUSD  close : 1.2689599999999999 at BrokerTime : 2024-02-26 19:14:52
2024-02-26 18:14:53,524 - DEBUG - No entry for signal16 of Instrument : GBPUSD  close : 1.2689599999999999 at BrokerTime : 2024-02-26 19:14:52
2024-02-26 18:14:53,524 - DEBUG - No entry for signal16 of Instrument : GBPUSD  close : 1.2689599999999999 at BrokerTime : 2024-02-26 19:14:52
2024-02-26 18:14:53,758 - DEBUG - No entry for signal3 of Instrument : GBPUSD  close : 1.2689599999999999 at BrokerTime : 2024-02-26 19:14:53
2024-02-26 18:14:53,758 - DEBUG - No entry for signal3 of Instrument : GBPUSD  close : 1.2689599999999999 at BrokerTime : 2024-02-26 19:14:53
2024-02-26 18:15:03,573 - DEBUG - Function Out of GBPUSD at BrokerTime : 2024-02-26 19:15:00
2024-02-26 18:15:03,573 - DEBUG - Function Out of GBPUSD at BrokerTime : 2024-02-26 19:15:00
2024-02-26 18:15:03,779 - DEBUG - Function Out of GBPUSD at BrokerTime : 2024-02-26 19:15:00
2024-02-26 18:15:03,779 - DEBUG - Function Out of GBPUSD at BrokerTime : 2024-02-26 19:15:00
