2024-02-19 18:13:47,350 - DEBUG - Running Event Loop of Instrument:US30 at ServerTime : 2024-02-19 18:13:47.350980  BrokerTime : 2024-02-19 19:13:46  for the New Short Signal Modified by Sourav
2024-02-19 18:13:47,399 - DEBUG - Checking DataFrameLastIndex and BrokerTime of Instrument : US30 BrokerTime: 2024-02-19 19:13:46 H4DfLastIndex : 2024-02-19 16:30:00
2024-02-19 18:13:47,445 - DEBUG - Retrying getting Latest candle for H4data of Instrument : US30 FalseBrokerTime: 2024-02-19 19:13:46 H4DfLastIndex : 2024-02-19 16:30:00 NowBrokerTime : 2024-02-19 19:13:46
2024-02-19 18:13:47,481 - DEBUG - Retrying getting Latest candle for H4data of Instrument : US30 FalseBrokerTime: 2024-02-19 19:13:46 H4DfLastIndex : 2024-02-19 16:30:00 NowBrokerTime : 2024-02-19 19:13:46
2024-02-19 18:13:47,555 - DEBUG - Retrying getting Latest candle for H4data of Instrument : US30 FalseBrokerTime: 2024-02-19 19:13:46 H4DfLastIndex : 2024-02-19 16:30:00 NowBrokerTime : 2024-02-19 19:13:46
2024-02-19 18:13:47,727 - DEBUG - Retrying getting Latest candle for H4data of Instrument : US30 FalseBrokerTime: 2024-02-19 19:13:46 H4DfLastIndex : 2024-02-19 16:30:00 NowBrokerTime : 2024-02-19 19:13:47
2024-02-19 18:13:48,123 - DEBUG - Retrying getting Latest candle for H4data of Instrument : US30 FalseBrokerTime: 2024-02-19 19:13:46 H4DfLastIndex : 2024-02-19 16:30:00 NowBrokerTime : 2024-02-19 19:13:47
2024-02-19 18:14:16,640 - DEBUG - Running Event Loop of Instrument:US30 at ServerTime : 2024-02-19 18:14:16.640892  BrokerTime : 2024-02-19 19:14:07  for the New Short Signal Modified by Sourav
2024-02-19 18:14:16,654 - DEBUG - Checking DataFrameLastIndex and BrokerTime of Instrument : US30 BrokerTime: 2024-02-19 19:14:07 H4DfLastIndex : 2024-02-19 16:30:00
2024-02-19 18:14:16,685 - DEBUG - Retrying getting Latest candle for H4data of Instrument : US30 FalseBrokerTime: 2024-02-19 19:14:07 H4DfLastIndex : 2024-02-19 16:30:00 NowBrokerTime : 2024-02-19 19:14:07
2024-02-19 18:14:16,713 - DEBUG - Retrying getting Latest candle for H4data of Instrument : US30 FalseBrokerTime: 2024-02-19 19:14:07 H4DfLastIndex : 2024-02-19 16:30:00 NowBrokerTime : 2024-02-19 19:14:07
2024-02-19 18:14:16,735 - DEBUG - Retrying getting Latest candle for H4data of Instrument : US30 FalseBrokerTime: 2024-02-19 19:14:07 H4DfLastIndex : 2024-02-19 16:30:00 NowBrokerTime : 2024-02-19 19:14:07
2024-02-19 18:14:16,754 - DEBUG - Retrying getting Latest candle for H4data of Instrument : US30 FalseBrokerTime: 2024-02-19 19:14:07 H4DfLastIndex : 2024-02-19 16:30:00 NowBrokerTime : 2024-02-19 19:14:07
2024-02-19 18:14:16,777 - DEBUG - Retrying getting Latest candle for H4data of Instrument : US30 FalseBrokerTime: 2024-02-19 19:14:07 H4DfLastIndex : 2024-02-19 16:30:00 NowBrokerTime : 2024-02-19 19:14:07
2024-02-19 18:15:43,310 - DEBUG - Running Event Loop of Instrument:US30 at ServerTime : 2024-02-19 18:15:43.310352  BrokerTime : 2024-02-19 19:15:42  for the New Short Signal Modified by Sourav
2024-02-19 18:15:43,338 - DEBUG - Checking DataFrameLastIndex and BrokerTime of Instrument : US30 BrokerTime: 2024-02-19 19:15:42 H4DfLastIndex : 2024-02-19 16:30:00
2024-02-19 18:15:43,371 - DEBUG - Retrying getting Latest candle for H4data of Instrument : US30 FalseBrokerTime: 2024-02-19 19:15:42 H4DfLastIndex : 2024-02-19 16:30:00 NowBrokerTime : 2024-02-19 19:15:42
2024-02-19 18:15:43,401 - DEBUG - Retrying getting Latest candle for H4data of Instrument : US30 FalseBrokerTime: 2024-02-19 19:15:42 H4DfLastIndex : 2024-02-19 16:30:00 NowBrokerTime : 2024-02-19 19:15:42
2024-02-19 18:15:43,417 - DEBUG - Retrying getting Latest candle for H4data of Instrument : US30 FalseBrokerTime: 2024-02-19 19:15:42 H4DfLastIndex : 2024-02-19 16:30:00 NowBrokerTime : 2024-02-19 19:15:42
2024-02-19 18:15:43,627 - DEBUG - Retrying getting Latest candle for H4data of Instrument : US30 FalseBrokerTime: 2024-02-19 19:15:42 H4DfLastIndex : 2024-02-19 16:30:00 NowBrokerTime : 2024-02-19 19:15:42
2024-02-19 18:15:43,773 - DEBUG - Retrying getting Latest candle for H4data of Instrument : US30 FalseBrokerTime: 2024-02-19 19:15:42 H4DfLastIndex : 2024-02-19 16:30:00 NowBrokerTime : 2024-02-19 19:15:42
2024-02-19 18:15:55,324 - DEBUG - No entry for signal1 of Instrument : US30  close : 38650.95 at BrokerTime : 2024-02-19 19:15:51
2024-02-19 18:16:05,395 - DEBUG - Function Out of US30 at BrokerTime : 2024-02-19 19:16:03
2024-02-19 18:17:29,566 - DEBUG - Running Event Loop of Instrument:US30 at ServerTime : 2024-02-19 18:17:29.566828  BrokerTime : 2024-02-19 19:17:29  for the New Short Signal Modified by Sourav
2024-02-19 18:17:29,603 - DEBUG - Checking DataFrameLastIndex and BrokerTime of Instrument : US30 BrokerTime: 2024-02-19 19:17:29 H4DfLastIndex : 2024-02-19 16:30:00
2024-02-19 18:17:29,617 - DEBUG - Retrying getting Latest candle for H4data of Instrument : US30 FalseBrokerTime: 2024-02-19 19:17:29 H4DfLastIndex : 2024-02-19 16:30:00 NowBrokerTime : 2024-02-19 19:17:29
2024-02-19 18:17:29,657 - DEBUG - Retrying getting Latest candle for H4data of Instrument : US30 FalseBrokerTime: 2024-02-19 19:17:29 H4DfLastIndex : 2024-02-19 16:30:00 NowBrokerTime : 2024-02-19 19:17:29
2024-02-19 18:17:29,698 - DEBUG - Retrying getting Latest candle for H4data of Instrument : US30 FalseBrokerTime: 2024-02-19 19:17:29 H4DfLastIndex : 2024-02-19 16:30:00 NowBrokerTime : 2024-02-19 19:17:29
2024-02-19 18:17:29,856 - DEBUG - Retrying getting Latest candle for H4data of Instrument : US30 FalseBrokerTime: 2024-02-19 19:17:29 H4DfLastIndex : 2024-02-19 16:30:00 NowBrokerTime : 2024-02-19 19:17:29
2024-02-19 18:17:30,039 - DEBUG - Retrying getting Latest candle for H4data of Instrument : US30 FalseBrokerTime: 2024-02-19 19:17:29 H4DfLastIndex : 2024-02-19 16:30:00 NowBrokerTime : 2024-02-19 19:17:29
2024-02-19 18:17:42,703 - DEBUG - Got Short Indication Candle for signal1 US30 at BrokerTime : 2024-02-19 19:17:40
2024-02-19 18:17:43,666 - DEBUG - 38653.95 atr: 102.3529975474113 
2024-02-19 18:17:44,939 - INFO - Entry at 2024-02-19 19:17:40 for SignalID : US30_1_Short_Trail  , SL : 38707.05 , TP : 38627.05 ,Lotsize : 1.4 , OrderPrice : 38657.05 , ATR Value : 102.3529975474113, comment : Request executed Flag : 0 OrderID : 34464755
2024-02-19 18:17:46,315 - DEBUG - Entry happened for US30 , Checking for Exit.....
2024-02-19 18:18:54,674 - DEBUG - Running Event Loop of Instrument:US30 at ServerTime : 2024-02-19 18:18:54.674970  BrokerTime : 2024-02-19 19:18:53  for the New Short Signal Modified by Sourav
2024-02-19 18:18:54,707 - DEBUG - Checking DataFrameLastIndex and BrokerTime of Instrument : US30 BrokerTime: 2024-02-19 19:18:53 H4DfLastIndex : 2024-02-19 16:30:00
2024-02-19 18:18:54,738 - DEBUG - Retrying getting Latest candle for H4data of Instrument : US30 FalseBrokerTime: 2024-02-19 19:18:53 H4DfLastIndex : 2024-02-19 16:30:00 NowBrokerTime : 2024-02-19 19:18:53
2024-02-19 18:18:54,760 - DEBUG - Retrying getting Latest candle for H4data of Instrument : US30 FalseBrokerTime: 2024-02-19 19:18:53 H4DfLastIndex : 2024-02-19 16:30:00 NowBrokerTime : 2024-02-19 19:18:53
2024-02-19 18:18:54,793 - DEBUG - Retrying getting Latest candle for H4data of Instrument : US30 FalseBrokerTime: 2024-02-19 19:18:53 H4DfLastIndex : 2024-02-19 16:30:00 NowBrokerTime : 2024-02-19 19:18:53
2024-02-19 18:18:54,852 - DEBUG - Retrying getting Latest candle for H4data of Instrument : US30 FalseBrokerTime: 2024-02-19 19:18:53 H4DfLastIndex : 2024-02-19 16:30:00 NowBrokerTime : 2024-02-19 19:18:53
2024-02-19 18:18:55,138 - DEBUG - Retrying getting Latest candle for H4data of Instrument : US30 FalseBrokerTime: 2024-02-19 19:18:53 H4DfLastIndex : 2024-02-19 16:30:00 NowBrokerTime : 2024-02-19 19:18:53
2024-02-19 18:19:20,787 - DEBUG - Got Short Indication Candle for signal1 US30 at BrokerTime : 2024-02-19 19:19:19
2024-02-19 18:26:19,250 - DEBUG - Running Event Loop of Instrument:US30 at ServerTime : 2024-02-19 18:26:19.250424  BrokerTime : 2024-02-19 19:26:14  for the New Short Signal Modified by Sourav
2024-02-19 18:26:19,258 - DEBUG - Checking DataFrameLastIndex and BrokerTime of Instrument : US30 BrokerTime: 2024-02-19 19:26:14 H4DfLastIndex : 2024-02-19 16:30:00
2024-02-19 18:26:19,274 - DEBUG - Retrying getting Latest candle for H4data of Instrument : US30 FalseBrokerTime: 2024-02-19 19:26:14 H4DfLastIndex : 2024-02-19 16:30:00 NowBrokerTime : 2024-02-19 19:26:14
2024-02-19 18:26:19,292 - DEBUG - Retrying getting Latest candle for H4data of Instrument : US30 FalseBrokerTime: 2024-02-19 19:26:14 H4DfLastIndex : 2024-02-19 16:30:00 NowBrokerTime : 2024-02-19 19:26:14
2024-02-19 18:26:19,317 - DEBUG - Retrying getting Latest candle for H4data of Instrument : US30 FalseBrokerTime: 2024-02-19 19:26:14 H4DfLastIndex : 2024-02-19 16:30:00 NowBrokerTime : 2024-02-19 19:26:14
2024-02-19 18:26:19,350 - DEBUG - Retrying getting Latest candle for H4data of Instrument : US30 FalseBrokerTime: 2024-02-19 19:26:14 H4DfLastIndex : 2024-02-19 16:30:00 NowBrokerTime : 2024-02-19 19:26:14
2024-02-19 18:26:19,496 - DEBUG - Retrying getting Latest candle for H4data of Instrument : US30 FalseBrokerTime: 2024-02-19 19:26:14 H4DfLastIndex : 2024-02-19 16:30:00 NowBrokerTime : 2024-02-19 19:26:14
2024-02-19 18:26:34,809 - DEBUG - Got Short Indication Candle for signal1 US30 at BrokerTime : 2024-02-19 19:26:32
2024-02-19 18:26:37,159 - DEBUG - 38651.95 atr: 102.3529975474113 
2024-02-20 14:57:44,898 - DEBUG - Running Event Loop of Instrument:US30 at ServerTime : 2024-02-20 14:57:44.898078  BrokerTime : 2024-02-20 15:57:43  for the New Short Signal Modified by Sourav
2024-02-20 14:57:44,902 - DEBUG - Checking DataFrameLastIndex and BrokerTime of Instrument : US30 BrokerTime: 2024-02-20 15:57:43 H4DfLastIndex : 2024-02-20 12:30:00
2024-02-20 14:57:44,915 - DEBUG - Retrying getting Latest candle for H4data of Instrument : US30 FalseBrokerTime: 2024-02-20 15:57:43 H4DfLastIndex : 2024-02-20 12:30:00 NowBrokerTime : 2024-02-20 15:57:43
2024-02-20 14:57:44,925 - DEBUG - Retrying getting Latest candle for H4data of Instrument : US30 FalseBrokerTime: 2024-02-20 15:57:43 H4DfLastIndex : 2024-02-20 12:30:00 NowBrokerTime : 2024-02-20 15:57:43
2024-02-20 14:57:44,959 - DEBUG - Retrying getting Latest candle for H4data of Instrument : US30 FalseBrokerTime: 2024-02-20 15:57:43 H4DfLastIndex : 2024-02-20 12:30:00 NowBrokerTime : 2024-02-20 15:57:43
2024-02-20 14:57:44,995 - DEBUG - Retrying getting Latest candle for H4data of Instrument : US30 FalseBrokerTime: 2024-02-20 15:57:43 H4DfLastIndex : 2024-02-20 12:30:00 NowBrokerTime : 2024-02-20 15:57:43
2024-02-20 14:57:45,041 - DEBUG - Retrying getting Latest candle for H4data of Instrument : US30 FalseBrokerTime: 2024-02-20 15:57:43 H4DfLastIndex : 2024-02-20 12:30:00 NowBrokerTime : 2024-02-20 15:57:43
2024-02-20 14:57:54,647 - DEBUG - Got Short Indication Candle for signal1 US30 at BrokerTime : 2024-02-20 15:57:49
2024-02-20 14:57:55,230 - DEBUG - 38551.95 atr: 90.10470005058073 
2024-02-20 15:00:04,137 - DEBUG - Running Event Loop of Instrument:US30 at ServerTime : 2024-02-20 15:00:04.137375  BrokerTime : 2024-02-20 16:00:03  for the New Short Signal Modified by Sourav
2024-02-20 15:00:04,137 - DEBUG - Checking DataFrameLastIndex and BrokerTime of Instrument : US30 BrokerTime: 2024-02-20 16:00:03 H4DfLastIndex : 2024-02-20 12:30:00
2024-02-20 15:00:04,157 - DEBUG - Retrying getting Latest candle for H4data of Instrument : US30 FalseBrokerTime: 2024-02-20 16:00:03 H4DfLastIndex : 2024-02-20 12:30:00 NowBrokerTime : 2024-02-20 16:00:03
2024-02-20 15:00:04,172 - DEBUG - Retrying getting Latest candle for H4data of Instrument : US30 FalseBrokerTime: 2024-02-20 16:00:03 H4DfLastIndex : 2024-02-20 12:30:00 NowBrokerTime : 2024-02-20 16:00:03
2024-02-20 15:00:04,206 - DEBUG - Retrying getting Latest candle for H4data of Instrument : US30 FalseBrokerTime: 2024-02-20 16:00:03 H4DfLastIndex : 2024-02-20 12:30:00 NowBrokerTime : 2024-02-20 16:00:03
2024-02-20 15:00:04,249 - DEBUG - Retrying getting Latest candle for H4data of Instrument : US30 FalseBrokerTime: 2024-02-20 16:00:03 H4DfLastIndex : 2024-02-20 12:30:00 NowBrokerTime : 2024-02-20 16:00:03
2024-02-20 15:00:04,837 - DEBUG - Retrying getting Latest candle for H4data of Instrument : US30 FalseBrokerTime: 2024-02-20 16:00:03 H4DfLastIndex : 2024-02-20 12:30:00 NowBrokerTime : 2024-02-20 16:00:05
2024-02-20 15:00:14,416 - DEBUG - Got Short Indication Candle for signal1 US30 at BrokerTime : 2024-02-20 16:00:14
2024-02-20 15:00:14,856 - DEBUG - 38545.95 atr: 90.10470005058073 
2024-02-20 15:00:16,097 - INFO - Entry at 2024-02-20 16:00:14 for SignalID : US30_1_Short_Trail  , SL : 38597.95 , TP : 38517.95 ,Lotsize : 1.41 , OrderPrice : 38547.95 , ATR Value : 90.10470005058073, comment : Request executed Flag : 0 OrderID : 34496342
2024-02-20 15:00:17,196 - DEBUG - Entry happened for US30 , Checking for Exit.....
2024-02-20 15:03:39,583 - DEBUG - Running Event Loop of Instrument:US30 at ServerTime : 2024-02-20 15:03:39.582123  BrokerTime : 2024-02-20 16:03:40  for the New Short Signal Modified by Sourav
2024-02-20 15:03:39,600 - DEBUG - Checking DataFrameLastIndex and BrokerTime of Instrument : US30 BrokerTime: 2024-02-20 16:03:40 H4DfLastIndex : 2024-02-20 12:30:00
2024-02-20 15:03:39,627 - DEBUG - Retrying getting Latest candle for H4data of Instrument : US30 FalseBrokerTime: 2024-02-20 16:03:40 H4DfLastIndex : 2024-02-20 12:30:00 NowBrokerTime : 2024-02-20 16:03:40
2024-02-20 15:03:39,650 - DEBUG - Retrying getting Latest candle for H4data of Instrument : US30 FalseBrokerTime: 2024-02-20 16:03:40 H4DfLastIndex : 2024-02-20 12:30:00 NowBrokerTime : 2024-02-20 16:03:40
2024-02-20 15:03:39,850 - DEBUG - Retrying getting Latest candle for H4data of Instrument : US30 FalseBrokerTime: 2024-02-20 16:03:40 H4DfLastIndex : 2024-02-20 12:30:00 NowBrokerTime : 2024-02-20 16:03:40
2024-02-20 15:03:40,242 - DEBUG - Retrying getting Latest candle for H4data of Instrument : US30 FalseBrokerTime: 2024-02-20 16:03:40 H4DfLastIndex : 2024-02-20 12:30:00 NowBrokerTime : 2024-02-20 16:03:40
2024-02-20 15:03:40,484 - DEBUG - Retrying getting Latest candle for H4data of Instrument : US30 FalseBrokerTime: 2024-02-20 16:03:40 H4DfLastIndex : 2024-02-20 12:30:00 NowBrokerTime : 2024-02-20 16:03:41
2024-02-20 15:03:48,650 - DEBUG - Got Short Indication Candle for signal1 US30 at BrokerTime : 2024-02-20 16:03:49
2024-02-20 15:03:49,797 - DEBUG - 38548.95 atr: 90.10470005058073 
2024-02-20 15:03:51,190 - INFO - Entry at 2024-02-20 16:03:49 for SignalID : US30_1_Short_Trail  , SL : 38598.45 , TP : 38518.45 ,Lotsize : 1.4 , OrderPrice : 38548.45 , ATR Value : 90.10470005058073, comment : Request executed Flag : 0 OrderID : 34496449
2024-02-20 15:03:51,946 - DEBUG - Entry happened for US30 , Checking for Exit.....
2024-02-20 15:08:03,538 - DEBUG - Running Event Loop of Instrument:US30 at ServerTime : 2024-02-20 15:08:03.538397  BrokerTime : 2024-02-20 16:08:03  for the New Short Signal Modified by Sourav
2024-02-20 15:08:03,560 - DEBUG - Checking DataFrameLastIndex and BrokerTime of Instrument : US30 BrokerTime: 2024-02-20 16:08:03 H4DfLastIndex : 2024-02-20 12:30:00
2024-02-20 15:08:03,601 - DEBUG - Retrying getting Latest candle for H4data of Instrument : US30 FalseBrokerTime: 2024-02-20 16:08:03 H4DfLastIndex : 2024-02-20 12:30:00 NowBrokerTime : 2024-02-20 16:08:03
2024-02-20 15:08:03,641 - DEBUG - Retrying getting Latest candle for H4data of Instrument : US30 FalseBrokerTime: 2024-02-20 16:08:03 H4DfLastIndex : 2024-02-20 12:30:00 NowBrokerTime : 2024-02-20 16:08:03
2024-02-20 15:08:04,126 - DEBUG - Retrying getting Latest candle for H4data of Instrument : US30 FalseBrokerTime: 2024-02-20 16:08:03 H4DfLastIndex : 2024-02-20 12:30:00 NowBrokerTime : 2024-02-20 16:08:03
2024-02-20 15:08:04,581 - DEBUG - Retrying getting Latest candle for H4data of Instrument : US30 FalseBrokerTime: 2024-02-20 16:08:03 H4DfLastIndex : 2024-02-20 12:30:00 NowBrokerTime : 2024-02-20 16:08:03
2024-02-20 15:08:04,809 - DEBUG - Retrying getting Latest candle for H4data of Instrument : US30 FalseBrokerTime: 2024-02-20 16:08:03 H4DfLastIndex : 2024-02-20 12:30:00 NowBrokerTime : 2024-02-20 16:08:03
2024-02-20 15:08:12,077 - DEBUG - Got Short Indication Candle for signal1 US30 at BrokerTime : 2024-02-20 16:08:12
2024-02-20 15:08:12,714 - DEBUG - 38540.95 atr: 90.10470005058073 
2024-02-20 15:08:14,238 - INFO - Entry at 2024-02-20 16:08:12 for SignalID : US30_1_Short_Trail  , SL : 38592.45 , TP : 38512.45 ,Lotsize : 1.39 , OrderPrice : 38542.45 , ATR Value : 90.10470005058073, comment : Request executed Flag : 0 OrderID : 34496774
2024-02-20 15:08:16,127 - DEBUG - Entry happened for US30 , Checking for Exit.....
2024-02-20 15:13:15,089 - DEBUG - Running Event Loop of Instrument:US30 at ServerTime : 2024-02-20 15:13:15.089958  BrokerTime : 2024-02-20 16:13:15  for the New Short Signal Modified by Sourav
2024-02-20 15:13:15,096 - DEBUG - Checking DataFrameLastIndex and BrokerTime of Instrument : US30 BrokerTime: 2024-02-20 16:13:15 H4DfLastIndex : 2024-02-20 12:30:00
2024-02-20 15:13:15,104 - DEBUG - Retrying getting Latest candle for H4data of Instrument : US30 FalseBrokerTime: 2024-02-20 16:13:15 H4DfLastIndex : 2024-02-20 12:30:00 NowBrokerTime : 2024-02-20 16:13:15
2024-02-20 15:13:15,125 - DEBUG - Retrying getting Latest candle for H4data of Instrument : US30 FalseBrokerTime: 2024-02-20 16:13:15 H4DfLastIndex : 2024-02-20 12:30:00 NowBrokerTime : 2024-02-20 16:13:15
2024-02-20 15:13:15,354 - DEBUG - Retrying getting Latest candle for H4data of Instrument : US30 FalseBrokerTime: 2024-02-20 16:13:15 H4DfLastIndex : 2024-02-20 12:30:00 NowBrokerTime : 2024-02-20 16:13:15
2024-02-20 15:13:15,521 - DEBUG - Retrying getting Latest candle for H4data of Instrument : US30 FalseBrokerTime: 2024-02-20 16:13:15 H4DfLastIndex : 2024-02-20 12:30:00 NowBrokerTime : 2024-02-20 16:13:15
2024-02-20 15:13:15,710 - DEBUG - Retrying getting Latest candle for H4data of Instrument : US30 FalseBrokerTime: 2024-02-20 16:13:15 H4DfLastIndex : 2024-02-20 12:30:00 NowBrokerTime : 2024-02-20 16:13:15
2024-02-20 15:13:24,153 - DEBUG - Got Short Indication Candle for signal1 US30 at BrokerTime : 2024-02-20 16:13:23
2024-02-20 15:13:24,357 - DEBUG - 38550.95 atr: 90.10470005058073 
2024-02-20 15:13:25,612 - INFO - Entry at 2024-02-20 16:13:23 for SignalID : US30_1_Short_Trail  , SL : 38603.95 , TP : 38523.95 ,Lotsize : 1.38 , OrderPrice : 38553.95 , ATR Value : 90.10470005058073, comment : Request executed Flag : 0 OrderID : 34497099
2024-02-20 15:13:26,575 - DEBUG - Entry happened for US30 , Checking for Exit.....
2024-02-20 15:15:05,671 - DEBUG - Running Event Loop of Instrument:US30 at ServerTime : 2024-02-20 15:15:05.671549  BrokerTime : 2024-02-20 16:15:05  for the New Short Signal Modified by Sourav
2024-02-20 15:15:05,690 - DEBUG - Checking DataFrameLastIndex and BrokerTime of Instrument : US30 BrokerTime: 2024-02-20 16:15:05 H4DfLastIndex : 2024-02-20 12:30:00
2024-02-20 15:15:05,698 - DEBUG - Retrying getting Latest candle for H4data of Instrument : US30 FalseBrokerTime: 2024-02-20 16:15:05 H4DfLastIndex : 2024-02-20 12:30:00 NowBrokerTime : 2024-02-20 16:15:05
2024-02-20 15:15:05,723 - DEBUG - Retrying getting Latest candle for H4data of Instrument : US30 FalseBrokerTime: 2024-02-20 16:15:05 H4DfLastIndex : 2024-02-20 12:30:00 NowBrokerTime : 2024-02-20 16:15:05
2024-02-20 15:15:05,736 - DEBUG - Retrying getting Latest candle for H4data of Instrument : US30 FalseBrokerTime: 2024-02-20 16:15:05 H4DfLastIndex : 2024-02-20 12:30:00 NowBrokerTime : 2024-02-20 16:15:05
2024-02-20 15:15:05,877 - DEBUG - Retrying getting Latest candle for H4data of Instrument : US30 FalseBrokerTime: 2024-02-20 16:15:05 H4DfLastIndex : 2024-02-20 12:30:00 NowBrokerTime : 2024-02-20 16:15:05
2024-02-20 15:15:05,979 - DEBUG - Retrying getting Latest candle for H4data of Instrument : US30 FalseBrokerTime: 2024-02-20 16:15:05 H4DfLastIndex : 2024-02-20 12:30:00 NowBrokerTime : 2024-02-20 16:15:05
2024-02-20 15:33:05,336 - DEBUG - Running Event Loop of Instrument:US30 at ServerTime : 2024-02-20 15:33:05.336064  BrokerTime : 2024-02-20 16:33:02  for the New Short Signal Modified by Sourav
2024-02-20 15:33:05,344 - DEBUG - Checking DataFrameLastIndex and BrokerTime of Instrument : US30 BrokerTime: 2024-02-20 16:33:02 H4DfLastIndex : 2024-02-20 16:30:00
2024-02-20 15:33:14,181 - DEBUG - Got Short Indication Candle for signal1 US30 at BrokerTime : 2024-02-20 16:33:14
2024-02-20 15:33:14,586 - DEBUG - 38564.45 atr: 91.10470005058073 
2024-02-20 15:33:15,844 - INFO - Entry at 2024-02-20 16:33:14 for SignalID : US30_1_Short_Trail  , SL : 38607.95 , TP : 38527.95 ,Lotsize : 1.39 , OrderPrice : 38557.95 , ATR Value : 91.10470005058073, comment : Request executed Flag : 0 OrderID : 34498172
2024-02-20 15:33:17,412 - DEBUG - Entry happened for US30 , Checking for Exit.....
