2024-02-19 18:13:47,451 - DEBUG - Running Event Loop of Instrument:US500 at ServerTime : 2024-02-19 18:13:47.451830  BrokerTime : 2024-02-19 19:13:46  for the New Short Signal Modified by Sourav
2024-02-19 18:13:47,507 - DEBUG - Checking DataFrameLastIndex and BrokerTime of Instrument : US500 BrokerTime: 2024-02-19 19:13:46 H4DfLastIndex : 2024-02-19 16:30:00
2024-02-19 18:13:47,655 - DEBUG - Retrying getting Latest candle for H4data of Instrument : US500 FalseBrokerTime: 2024-02-19 19:13:46 H4DfLastIndex : 2024-02-19 16:30:00 NowBrokerTime : 2024-02-19 19:13:46
2024-02-19 18:13:47,827 - DEBUG - Retrying getting Latest candle for H4data of Instrument : US500 FalseBrokerTime: 2024-02-19 19:13:46 H4DfLastIndex : 2024-02-19 16:30:00 NowBrokerTime : 2024-02-19 19:13:46
2024-02-19 18:13:48,592 - DEBUG - Retrying getting Latest candle for H4data of Instrument : US500 FalseBrokerTime: 2024-02-19 19:13:46 H4DfLastIndex : 2024-02-19 16:30:00 NowBrokerTime : 2024-02-19 19:13:46
2024-02-19 18:13:48,840 - DEBUG - Retrying getting Latest candle for H4data of Instrument : US500 FalseBrokerTime: 2024-02-19 19:13:46 H4DfLastIndex : 2024-02-19 16:30:00 NowBrokerTime : 2024-02-19 19:13:46
2024-02-19 18:13:49,464 - DEBUG - Retrying getting Latest candle for H4data of Instrument : US500 FalseBrokerTime: 2024-02-19 19:13:46 H4DfLastIndex : 2024-02-19 16:30:00 NowBrokerTime : 2024-02-19 19:13:46
2024-02-19 18:14:16,728 - DEBUG - Running Event Loop of Instrument:US500 at ServerTime : 2024-02-19 18:14:16.728513  BrokerTime : 2024-02-19 19:14:01  for the New Short Signal Modified by Sourav
2024-02-19 18:14:16,769 - DEBUG - Checking DataFrameLastIndex and BrokerTime of Instrument : US500 BrokerTime: 2024-02-19 19:14:01 H4DfLastIndex : 2024-02-19 16:30:00
2024-02-19 18:14:16,954 - DEBUG - Retrying getting Latest candle for H4data of Instrument : US500 FalseBrokerTime: 2024-02-19 19:14:01 H4DfLastIndex : 2024-02-19 16:30:00 NowBrokerTime : 2024-02-19 19:14:01
2024-02-19 18:14:17,331 - DEBUG - Retrying getting Latest candle for H4data of Instrument : US500 FalseBrokerTime: 2024-02-19 19:14:01 H4DfLastIndex : 2024-02-19 16:30:00 NowBrokerTime : 2024-02-19 19:14:01
2024-02-19 18:14:17,652 - DEBUG - Retrying getting Latest candle for H4data of Instrument : US500 FalseBrokerTime: 2024-02-19 19:14:01 H4DfLastIndex : 2024-02-19 16:30:00 NowBrokerTime : 2024-02-19 19:14:01
2024-02-19 18:14:18,367 - DEBUG - Retrying getting Latest candle for H4data of Instrument : US500 FalseBrokerTime: 2024-02-19 19:14:01 H4DfLastIndex : 2024-02-19 16:30:00 NowBrokerTime : 2024-02-19 19:14:01
2024-02-19 18:14:18,768 - DEBUG - Retrying getting Latest candle for H4data of Instrument : US500 FalseBrokerTime: 2024-02-19 19:14:01 H4DfLastIndex : 2024-02-19 16:30:00 NowBrokerTime : 2024-02-19 19:14:01
2024-02-19 18:15:43,406 - DEBUG - Running Event Loop of Instrument:US500 at ServerTime : 2024-02-19 18:15:43.406274  BrokerTime : 2024-02-19 19:15:40  for the New Short Signal Modified by Sourav
2024-02-19 18:15:43,594 - DEBUG - Checking DataFrameLastIndex and BrokerTime of Instrument : US500 BrokerTime: 2024-02-19 19:15:40 H4DfLastIndex : 2024-02-19 16:30:00
2024-02-19 18:15:43,646 - DEBUG - Retrying getting Latest candle for H4data of Instrument : US500 FalseBrokerTime: 2024-02-19 19:15:40 H4DfLastIndex : 2024-02-19 16:30:00 NowBrokerTime : 2024-02-19 19:15:40
2024-02-19 18:15:43,890 - DEBUG - Retrying getting Latest candle for H4data of Instrument : US500 FalseBrokerTime: 2024-02-19 19:15:40 H4DfLastIndex : 2024-02-19 16:30:00 NowBrokerTime : 2024-02-19 19:15:40
2024-02-19 18:15:44,059 - DEBUG - Retrying getting Latest candle for H4data of Instrument : US500 FalseBrokerTime: 2024-02-19 19:15:40 H4DfLastIndex : 2024-02-19 16:30:00 NowBrokerTime : 2024-02-19 19:15:40
2024-02-19 18:15:44,317 - DEBUG - Retrying getting Latest candle for H4data of Instrument : US500 FalseBrokerTime: 2024-02-19 19:15:40 H4DfLastIndex : 2024-02-19 16:30:00 NowBrokerTime : 2024-02-19 19:15:40
2024-02-19 18:15:44,469 - DEBUG - Retrying getting Latest candle for H4data of Instrument : US500 FalseBrokerTime: 2024-02-19 19:15:40 H4DfLastIndex : 2024-02-19 16:30:00 NowBrokerTime : 2024-02-19 19:15:40
2024-02-19 18:15:55,852 - DEBUG - No entry for signal1 of Instrument : US500  close : 5007.96 at BrokerTime : 2024-02-19 19:15:51
2024-02-19 18:16:05,879 - DEBUG - Function Out of US500 at BrokerTime : 2024-02-19 19:16:00
2024-02-19 18:17:29,660 - DEBUG - Running Event Loop of Instrument:US500 at ServerTime : 2024-02-19 18:17:29.660931  BrokerTime : 2024-02-19 19:17:25  for the New Short Signal Modified by Sourav
2024-02-19 18:17:29,744 - DEBUG - Checking DataFrameLastIndex and BrokerTime of Instrument : US500 BrokerTime: 2024-02-19 19:17:25 H4DfLastIndex : 2024-02-19 16:30:00
2024-02-19 18:17:30,064 - DEBUG - Retrying getting Latest candle for H4data of Instrument : US500 FalseBrokerTime: 2024-02-19 19:17:25 H4DfLastIndex : 2024-02-19 16:30:00 NowBrokerTime : 2024-02-19 19:17:25
2024-02-19 18:17:30,531 - DEBUG - Retrying getting Latest candle for H4data of Instrument : US500 FalseBrokerTime: 2024-02-19 19:17:25 H4DfLastIndex : 2024-02-19 16:30:00 NowBrokerTime : 2024-02-19 19:17:25
2024-02-19 18:17:30,893 - DEBUG - Retrying getting Latest candle for H4data of Instrument : US500 FalseBrokerTime: 2024-02-19 19:17:25 H4DfLastIndex : 2024-02-19 16:30:00 NowBrokerTime : 2024-02-19 19:17:25
2024-02-19 18:17:31,176 - DEBUG - Retrying getting Latest candle for H4data of Instrument : US500 FalseBrokerTime: 2024-02-19 19:17:25 H4DfLastIndex : 2024-02-19 16:30:00 NowBrokerTime : 2024-02-19 19:17:25
2024-02-19 18:17:31,580 - DEBUG - Retrying getting Latest candle for H4data of Instrument : US500 FalseBrokerTime: 2024-02-19 19:17:25 H4DfLastIndex : 2024-02-19 16:30:00 NowBrokerTime : 2024-02-19 19:17:25
2024-02-19 18:17:43,324 - DEBUG - Got Short Indication Candle for signal1 US500 at BrokerTime : 2024-02-19 19:17:41
2024-02-19 18:17:44,116 - DEBUG - 5007.46 atr: 15.94480683529848 
2024-02-19 18:17:45,502 - INFO - Entry at 2024-02-19 19:17:41 for SignalID : US500_1_Short_Trail  , SL : 5057.81 , TP : 4977.81 ,Lotsize : 1.4 , OrderPrice : 5007.81 , ATR Value : 15.94480683529848, comment : Request executed Flag : 0 OrderID : 34464756
2024-02-19 18:17:49,992 - DEBUG - Entry happened for US500 , Checking for Exit.....
2024-02-19 18:18:54,755 - DEBUG - Running Event Loop of Instrument:US500 at ServerTime : 2024-02-19 18:18:54.755817  BrokerTime : 2024-02-19 19:18:16  for the New Short Signal Modified by Sourav
2024-02-19 18:18:54,799 - DEBUG - Checking DataFrameLastIndex and BrokerTime of Instrument : US500 BrokerTime: 2024-02-19 19:18:16 H4DfLastIndex : 2024-02-19 16:30:00
2024-02-19 18:18:54,835 - DEBUG - Retrying getting Latest candle for H4data of Instrument : US500 FalseBrokerTime: 2024-02-19 19:18:16 H4DfLastIndex : 2024-02-19 16:30:00 NowBrokerTime : 2024-02-19 19:18:16
2024-02-19 18:18:55,036 - DEBUG - Retrying getting Latest candle for H4data of Instrument : US500 FalseBrokerTime: 2024-02-19 19:18:16 H4DfLastIndex : 2024-02-19 16:30:00 NowBrokerTime : 2024-02-19 19:18:16
2024-02-19 18:18:55,442 - DEBUG - Retrying getting Latest candle for H4data of Instrument : US500 FalseBrokerTime: 2024-02-19 19:18:16 H4DfLastIndex : 2024-02-19 16:30:00 NowBrokerTime : 2024-02-19 19:18:16
2024-02-19 18:18:56,088 - DEBUG - Retrying getting Latest candle for H4data of Instrument : US500 FalseBrokerTime: 2024-02-19 19:18:16 H4DfLastIndex : 2024-02-19 16:30:00 NowBrokerTime : 2024-02-19 19:18:16
2024-02-19 18:18:56,518 - DEBUG - Retrying getting Latest candle for H4data of Instrument : US500 FalseBrokerTime: 2024-02-19 19:18:16 H4DfLastIndex : 2024-02-19 16:30:00 NowBrokerTime : 2024-02-19 19:18:16
2024-02-19 18:19:08,529 - DEBUG - Got Short Indication Candle for signal1 US500 at BrokerTime : 2024-02-19 19:19:02
2024-02-19 18:19:08,748 - DEBUG - 5007.96 atr: 15.94480683529848 
2024-02-19 18:26:19,318 - DEBUG - Running Event Loop of Instrument:US500 at ServerTime : 2024-02-19 18:26:19.318404  BrokerTime : 2024-02-19 19:26:05  for the New Short Signal Modified by Sourav
2024-02-19 18:26:19,489 - DEBUG - Checking DataFrameLastIndex and BrokerTime of Instrument : US500 BrokerTime: 2024-02-19 19:26:05 H4DfLastIndex : 2024-02-19 16:30:00
2024-02-19 18:26:19,568 - DEBUG - Retrying getting Latest candle for H4data of Instrument : US500 FalseBrokerTime: 2024-02-19 19:26:05 H4DfLastIndex : 2024-02-19 16:30:00 NowBrokerTime : 2024-02-19 19:26:05
2024-02-19 18:26:19,678 - DEBUG - Retrying getting Latest candle for H4data of Instrument : US500 FalseBrokerTime: 2024-02-19 19:26:05 H4DfLastIndex : 2024-02-19 16:30:00 NowBrokerTime : 2024-02-19 19:26:05
2024-02-19 18:26:19,885 - DEBUG - Retrying getting Latest candle for H4data of Instrument : US500 FalseBrokerTime: 2024-02-19 19:26:05 H4DfLastIndex : 2024-02-19 16:30:00 NowBrokerTime : 2024-02-19 19:26:05
2024-02-19 18:26:20,139 - DEBUG - Retrying getting Latest candle for H4data of Instrument : US500 FalseBrokerTime: 2024-02-19 19:26:05 H4DfLastIndex : 2024-02-19 16:30:00 NowBrokerTime : 2024-02-19 19:26:05
2024-02-19 18:26:20,437 - DEBUG - Retrying getting Latest candle for H4data of Instrument : US500 FalseBrokerTime: 2024-02-19 19:26:05 H4DfLastIndex : 2024-02-19 16:30:00 NowBrokerTime : 2024-02-19 19:26:05
2024-02-19 18:26:37,161 - DEBUG - Got Short Indication Candle for signal1 US500 at BrokerTime : 2024-02-19 19:26:29
2024-02-20 14:57:44,975 - DEBUG - Running Event Loop of Instrument:US500 at ServerTime : 2024-02-20 14:57:44.975647  BrokerTime : 2024-02-20 15:57:43  for the New Short Signal Modified by Sourav
2024-02-20 14:57:44,993 - DEBUG - Checking DataFrameLastIndex and BrokerTime of Instrument : US500 BrokerTime: 2024-02-20 15:57:43 H4DfLastIndex : 2024-02-20 12:30:00
2024-02-20 14:57:45,109 - DEBUG - Retrying getting Latest candle for H4data of Instrument : US500 FalseBrokerTime: 2024-02-20 15:57:43 H4DfLastIndex : 2024-02-20 12:30:00 NowBrokerTime : 2024-02-20 15:57:43
2024-02-20 14:57:45,157 - DEBUG - Retrying getting Latest candle for H4data of Instrument : US500 FalseBrokerTime: 2024-02-20 15:57:43 H4DfLastIndex : 2024-02-20 12:30:00 NowBrokerTime : 2024-02-20 15:57:43
2024-02-20 14:57:45,648 - DEBUG - Retrying getting Latest candle for H4data of Instrument : US500 FalseBrokerTime: 2024-02-20 15:57:43 H4DfLastIndex : 2024-02-20 12:30:00 NowBrokerTime : 2024-02-20 15:57:43
2024-02-20 14:57:45,900 - DEBUG - Retrying getting Latest candle for H4data of Instrument : US500 FalseBrokerTime: 2024-02-20 15:57:43 H4DfLastIndex : 2024-02-20 12:30:00 NowBrokerTime : 2024-02-20 15:57:43
2024-02-20 14:57:45,974 - DEBUG - Retrying getting Latest candle for H4data of Instrument : US500 FalseBrokerTime: 2024-02-20 15:57:43 H4DfLastIndex : 2024-02-20 12:30:00 NowBrokerTime : 2024-02-20 15:57:43
2024-02-20 14:57:54,566 - DEBUG - Got Short Indication Candle for signal1 US500 at BrokerTime : 2024-02-20 15:57:47
2024-02-20 14:57:55,266 - DEBUG - 4990.71 atr: 13.93522268161051 
2024-02-20 15:00:04,184 - DEBUG - Running Event Loop of Instrument:US500 at ServerTime : 2024-02-20 15:00:04.184033  BrokerTime : 2024-02-20 16:00:01  for the New Short Signal Modified by Sourav
2024-02-20 15:00:04,208 - DEBUG - Checking DataFrameLastIndex and BrokerTime of Instrument : US500 BrokerTime: 2024-02-20 16:00:01 H4DfLastIndex : 2024-02-20 12:30:00
2024-02-20 15:00:04,255 - DEBUG - Retrying getting Latest candle for H4data of Instrument : US500 FalseBrokerTime: 2024-02-20 16:00:01 H4DfLastIndex : 2024-02-20 12:30:00 NowBrokerTime : 2024-02-20 16:00:01
2024-02-20 15:00:04,700 - DEBUG - Retrying getting Latest candle for H4data of Instrument : US500 FalseBrokerTime: 2024-02-20 16:00:01 H4DfLastIndex : 2024-02-20 12:30:00 NowBrokerTime : 2024-02-20 16:00:05
2024-02-20 15:00:04,903 - DEBUG - Retrying getting Latest candle for H4data of Instrument : US500 FalseBrokerTime: 2024-02-20 16:00:01 H4DfLastIndex : 2024-02-20 12:30:00 NowBrokerTime : 2024-02-20 16:00:05
2024-02-20 15:00:05,186 - DEBUG - Retrying getting Latest candle for H4data of Instrument : US500 FalseBrokerTime: 2024-02-20 16:00:01 H4DfLastIndex : 2024-02-20 12:30:00 NowBrokerTime : 2024-02-20 16:00:05
2024-02-20 15:00:05,325 - DEBUG - Retrying getting Latest candle for H4data of Instrument : US500 FalseBrokerTime: 2024-02-20 16:00:01 H4DfLastIndex : 2024-02-20 12:30:00 NowBrokerTime : 2024-02-20 16:00:06
2024-02-20 15:00:14,760 - DEBUG - Got Short Indication Candle for signal1 US500 at BrokerTime : 2024-02-20 16:00:14
2024-02-20 15:00:15,535 - DEBUG - 4990.21 atr: 13.93522268161051 
2024-02-20 15:00:16,807 - INFO - Entry at 2024-02-20 16:00:14 for SignalID : US500_1_Short_Trail  , SL : 5040.46 , TP : 4960.46 ,Lotsize : 1.41 , OrderPrice : 4990.46 , ATR Value : 13.93522268161051, comment : Request executed Flag : 0 OrderID : 34496344
2024-02-20 15:00:17,556 - DEBUG - Entry happened for US500 , Checking for Exit.....
2024-02-20 15:03:39,619 - DEBUG - Running Event Loop of Instrument:US500 at ServerTime : 2024-02-20 15:03:39.619726  BrokerTime : 2024-02-20 16:03:40  for the New Short Signal Modified by Sourav
2024-02-20 15:03:39,637 - DEBUG - Checking DataFrameLastIndex and BrokerTime of Instrument : US500 BrokerTime: 2024-02-20 16:03:40 H4DfLastIndex : 2024-02-20 12:30:00
2024-02-20 15:03:39,713 - DEBUG - Retrying getting Latest candle for H4data of Instrument : US500 FalseBrokerTime: 2024-02-20 16:03:40 H4DfLastIndex : 2024-02-20 12:30:00 NowBrokerTime : 2024-02-20 16:03:40
2024-02-20 15:03:39,957 - DEBUG - Retrying getting Latest candle for H4data of Instrument : US500 FalseBrokerTime: 2024-02-20 16:03:40 H4DfLastIndex : 2024-02-20 12:30:00 NowBrokerTime : 2024-02-20 16:03:40
2024-02-20 15:03:40,287 - DEBUG - Retrying getting Latest candle for H4data of Instrument : US500 FalseBrokerTime: 2024-02-20 16:03:40 H4DfLastIndex : 2024-02-20 12:30:00 NowBrokerTime : 2024-02-20 16:03:40
2024-02-20 15:03:40,734 - DEBUG - Retrying getting Latest candle for H4data of Instrument : US500 FalseBrokerTime: 2024-02-20 16:03:40 H4DfLastIndex : 2024-02-20 12:30:00 NowBrokerTime : 2024-02-20 16:03:40
2024-02-20 15:03:40,888 - DEBUG - Retrying getting Latest candle for H4data of Instrument : US500 FalseBrokerTime: 2024-02-20 16:03:40 H4DfLastIndex : 2024-02-20 12:30:00 NowBrokerTime : 2024-02-20 16:03:40
2024-02-20 15:03:47,853 - DEBUG - Got Short Indication Candle for signal1 US500 at BrokerTime : 2024-02-20 16:03:47
2024-02-20 15:03:48,278 - DEBUG - 4989.21 atr: 13.93522268161051 
2024-02-20 15:03:49,649 - INFO - Entry at 2024-02-20 16:03:47 for SignalID : US500_1_Short_Trail  , SL : 5039.21 , TP : 4959.21 ,Lotsize : 1.4 , OrderPrice : 4989.21 , ATR Value : 13.93522268161051, comment : Request executed Flag : 0 OrderID : 34496446
2024-02-20 15:03:52,217 - DEBUG - Entry happened for US500 , Checking for Exit.....
2024-02-20 15:08:03,566 - DEBUG - Running Event Loop of Instrument:US500 at ServerTime : 2024-02-20 15:08:03.566914  BrokerTime : 2024-02-20 16:08:03  for the New Short Signal Modified by Sourav
2024-02-20 15:08:03,587 - DEBUG - Checking DataFrameLastIndex and BrokerTime of Instrument : US500 BrokerTime: 2024-02-20 16:08:03 H4DfLastIndex : 2024-02-20 12:30:00
2024-02-20 15:08:03,723 - DEBUG - Retrying getting Latest candle for H4data of Instrument : US500 FalseBrokerTime: 2024-02-20 16:08:03 H4DfLastIndex : 2024-02-20 12:30:00 NowBrokerTime : 2024-02-20 16:08:03
2024-02-20 15:08:04,476 - DEBUG - Retrying getting Latest candle for H4data of Instrument : US500 FalseBrokerTime: 2024-02-20 16:08:03 H4DfLastIndex : 2024-02-20 12:30:00 NowBrokerTime : 2024-02-20 16:08:03
2024-02-20 15:08:04,675 - DEBUG - Retrying getting Latest candle for H4data of Instrument : US500 FalseBrokerTime: 2024-02-20 16:08:03 H4DfLastIndex : 2024-02-20 12:30:00 NowBrokerTime : 2024-02-20 16:08:03
2024-02-20 15:08:04,917 - DEBUG - Retrying getting Latest candle for H4data of Instrument : US500 FalseBrokerTime: 2024-02-20 16:08:03 H4DfLastIndex : 2024-02-20 12:30:00 NowBrokerTime : 2024-02-20 16:08:03
2024-02-20 15:08:05,099 - DEBUG - Retrying getting Latest candle for H4data of Instrument : US500 FalseBrokerTime: 2024-02-20 16:08:03 H4DfLastIndex : 2024-02-20 12:30:00 NowBrokerTime : 2024-02-20 16:08:03
2024-02-20 15:08:15,878 - DEBUG - Got Short Indication Candle for signal1 US500 at BrokerTime : 2024-02-20 16:08:15
2024-02-20 15:08:16,139 - DEBUG - 4988.46 atr: 13.93522268161051 
2024-02-20 15:08:17,431 - INFO - Entry at 2024-02-20 16:08:15 for SignalID : US500_1_Short_Trail  , SL : 5038.46 , TP : 4958.46 ,Lotsize : 1.39 , OrderPrice : 4988.46 , ATR Value : 13.93522268161051, comment : Request executed Flag : 0 OrderID : 34496777
2024-02-20 15:08:20,001 - DEBUG - Entry happened for US500 , Checking for Exit.....
2024-02-20 15:13:15,117 - DEBUG - Running Event Loop of Instrument:US500 at ServerTime : 2024-02-20 15:13:15.117820  BrokerTime : 2024-02-20 16:13:08  for the New Short Signal Modified by Sourav
2024-02-20 15:13:15,148 - DEBUG - Checking DataFrameLastIndex and BrokerTime of Instrument : US500 BrokerTime: 2024-02-20 16:13:08 H4DfLastIndex : 2024-02-20 12:30:00
2024-02-20 15:13:15,320 - DEBUG - Retrying getting Latest candle for H4data of Instrument : US500 FalseBrokerTime: 2024-02-20 16:13:08 H4DfLastIndex : 2024-02-20 12:30:00 NowBrokerTime : 2024-02-20 16:13:08
2024-02-20 15:13:15,677 - DEBUG - Retrying getting Latest candle for H4data of Instrument : US500 FalseBrokerTime: 2024-02-20 16:13:08 H4DfLastIndex : 2024-02-20 12:30:00 NowBrokerTime : 2024-02-20 16:13:08
2024-02-20 15:13:15,776 - DEBUG - Retrying getting Latest candle for H4data of Instrument : US500 FalseBrokerTime: 2024-02-20 16:13:08 H4DfLastIndex : 2024-02-20 12:30:00 NowBrokerTime : 2024-02-20 16:13:08
2024-02-20 15:13:15,945 - DEBUG - Retrying getting Latest candle for H4data of Instrument : US500 FalseBrokerTime: 2024-02-20 16:13:08 H4DfLastIndex : 2024-02-20 12:30:00 NowBrokerTime : 2024-02-20 16:13:08
2024-02-20 15:13:15,973 - DEBUG - Retrying getting Latest candle for H4data of Instrument : US500 FalseBrokerTime: 2024-02-20 16:13:08 H4DfLastIndex : 2024-02-20 12:30:00 NowBrokerTime : 2024-02-20 16:13:08
2024-02-20 15:13:22,337 - DEBUG - Got Short Indication Candle for signal1 US500 at BrokerTime : 2024-02-20 16:13:19
2024-02-20 15:13:22,662 - DEBUG - 4990.21 atr: 13.93522268161051 
2024-02-20 15:13:23,948 - INFO - Entry at 2024-02-20 16:13:19 for SignalID : US500_1_Short_Trail  , SL : 5040.71 , TP : 4960.71 ,Lotsize : 1.38 , OrderPrice : 4990.71 , ATR Value : 13.93522268161051, comment : Request executed Flag : 0 OrderID : 34497097
2024-02-20 15:13:25,814 - DEBUG - Entry happened for US500 , Checking for Exit.....
2024-02-20 15:15:05,915 - DEBUG - Running Event Loop of Instrument:US500 at ServerTime : 2024-02-20 15:15:05.915460  BrokerTime : 2024-02-20 16:15:05  for the New Short Signal Modified by Sourav
2024-02-20 15:15:06,100 - DEBUG - Checking DataFrameLastIndex and BrokerTime of Instrument : US500 BrokerTime: 2024-02-20 16:15:05 H4DfLastIndex : 2024-02-20 12:30:00
2024-02-20 15:15:06,248 - DEBUG - Retrying getting Latest candle for H4data of Instrument : US500 FalseBrokerTime: 2024-02-20 16:15:05 H4DfLastIndex : 2024-02-20 12:30:00 NowBrokerTime : 2024-02-20 16:15:05
2024-02-20 15:15:06,613 - DEBUG - Retrying getting Latest candle for H4data of Instrument : US500 FalseBrokerTime: 2024-02-20 16:15:05 H4DfLastIndex : 2024-02-20 12:30:00 NowBrokerTime : 2024-02-20 16:15:05
2024-02-20 15:15:06,781 - DEBUG - Retrying getting Latest candle for H4data of Instrument : US500 FalseBrokerTime: 2024-02-20 16:15:05 H4DfLastIndex : 2024-02-20 12:30:00 NowBrokerTime : 2024-02-20 16:15:05
2024-02-20 15:15:06,868 - DEBUG - Retrying getting Latest candle for H4data of Instrument : US500 FalseBrokerTime: 2024-02-20 16:15:05 H4DfLastIndex : 2024-02-20 12:30:00 NowBrokerTime : 2024-02-20 16:15:05
2024-02-20 15:15:07,177 - DEBUG - Retrying getting Latest candle for H4data of Instrument : US500 FalseBrokerTime: 2024-02-20 16:15:05 H4DfLastIndex : 2024-02-20 12:30:00 NowBrokerTime : 2024-02-20 16:15:05
2024-02-20 15:33:05,353 - DEBUG - Running Event Loop of Instrument:US500 at ServerTime : 2024-02-20 15:33:05.353941  BrokerTime : 2024-02-20 16:33:01  for the New Short Signal Modified by Sourav
2024-02-20 15:33:05,484 - DEBUG - Checking DataFrameLastIndex and BrokerTime of Instrument : US500 BrokerTime: 2024-02-20 16:33:01 H4DfLastIndex : 2024-02-20 16:30:00
2024-02-20 15:33:12,500 - DEBUG - Got Short Indication Candle for signal1 US500 at BrokerTime : 2024-02-20 16:33:10
2024-02-20 15:33:12,844 - DEBUG - 4990.46 atr: 13.93522268161051 
2024-02-20 15:33:14,103 - INFO - Entry at 2024-02-20 16:33:10 for SignalID : US500_1_Short_Trail  , SL : 5038.46 , TP : 4958.46 ,Lotsize : 1.39 , OrderPrice : 4988.46 , ATR Value : 13.93522268161051, comment : Request executed Flag : 0 OrderID : 34498171
2024-02-20 15:33:15,844 - DEBUG - Entry happened for US500 , Checking for Exit.....
