2024-02-19 18:13:47,449 - DEBUG - Running Event Loop of Instrument:XTIUSD at ServerTime : 2024-02-19 18:13:47.449648  BrokerTime : 2024-02-19 19:13:45  for the New Short Signal Modified by Sourav
2024-02-19 18:13:47,498 - DEBUG - Checking DataFrameLastIndex and BrokerTime of Instrument : XTIUSD BrokerTime: 2024-02-19 19:13:45 H4DfLastIndex : 2024-02-19 16:30:00
2024-02-19 18:13:47,554 - DEBUG - Retrying getting Latest candle for H4data of Instrument : XTIUSD FalseBrokerTime: 2024-02-19 19:13:45 H4DfLastIndex : 2024-02-19 16:30:00 NowBrokerTime : 2024-02-19 19:13:45
2024-02-19 18:13:47,946 - DEBUG - Retrying getting Latest candle for H4data of Instrument : XTIUSD FalseBrokerTime: 2024-02-19 19:13:45 H4DfLastIndex : 2024-02-19 16:30:00 NowBrokerTime : 2024-02-19 19:13:45
2024-02-19 18:13:48,241 - DEBUG - Retrying getting Latest candle for H4data of Instrument : XTIUSD FalseBrokerTime: 2024-02-19 19:13:45 H4DfLastIndex : 2024-02-19 16:30:00 NowBrokerTime : 2024-02-19 19:13:45
2024-02-19 18:13:48,771 - DEBUG - Retrying getting Latest candle for H4data of Instrument : XTIUSD FalseBrokerTime: 2024-02-19 19:13:45 H4DfLastIndex : 2024-02-19 16:30:00 NowBrokerTime : 2024-02-19 19:13:45
2024-02-19 18:13:49,013 - DEBUG - Retrying getting Latest candle for H4data of Instrument : XTIUSD FalseBrokerTime: 2024-02-19 19:13:45 H4DfLastIndex : 2024-02-19 16:30:00 NowBrokerTime : 2024-02-19 19:13:45
2024-02-19 18:14:16,708 - DEBUG - Running Event Loop of Instrument:XTIUSD at ServerTime : 2024-02-19 18:14:16.708165  BrokerTime : 2024-02-19 19:14:05  for the New Short Signal Modified by Sourav
2024-02-19 18:14:16,725 - DEBUG - Checking DataFrameLastIndex and BrokerTime of Instrument : XTIUSD BrokerTime: 2024-02-19 19:14:05 H4DfLastIndex : 2024-02-19 16:30:00
2024-02-19 18:14:16,745 - DEBUG - Retrying getting Latest candle for H4data of Instrument : XTIUSD FalseBrokerTime: 2024-02-19 19:14:05 H4DfLastIndex : 2024-02-19 16:30:00 NowBrokerTime : 2024-02-19 19:14:05
2024-02-19 18:14:16,859 - DEBUG - Retrying getting Latest candle for H4data of Instrument : XTIUSD FalseBrokerTime: 2024-02-19 19:14:05 H4DfLastIndex : 2024-02-19 16:30:00 NowBrokerTime : 2024-02-19 19:14:05
2024-02-19 18:14:17,156 - DEBUG - Retrying getting Latest candle for H4data of Instrument : XTIUSD FalseBrokerTime: 2024-02-19 19:14:05 H4DfLastIndex : 2024-02-19 16:30:00 NowBrokerTime : 2024-02-19 19:14:05
2024-02-19 18:14:17,848 - DEBUG - Retrying getting Latest candle for H4data of Instrument : XTIUSD FalseBrokerTime: 2024-02-19 19:14:05 H4DfLastIndex : 2024-02-19 16:30:00 NowBrokerTime : 2024-02-19 19:14:05
2024-02-19 18:14:18,491 - DEBUG - Retrying getting Latest candle for H4data of Instrument : XTIUSD FalseBrokerTime: 2024-02-19 19:14:05 H4DfLastIndex : 2024-02-19 16:30:00 NowBrokerTime : 2024-02-19 19:14:05
2024-02-19 18:15:43,345 - DEBUG - Running Event Loop of Instrument:XTIUSD at ServerTime : 2024-02-19 18:15:43.345617  BrokerTime : 2024-02-19 19:15:42  for the New Short Signal Modified by Sourav
2024-02-19 18:15:43,364 - DEBUG - Checking DataFrameLastIndex and BrokerTime of Instrument : XTIUSD BrokerTime: 2024-02-19 19:15:42 H4DfLastIndex : 2024-02-19 16:30:00
2024-02-19 18:15:43,411 - DEBUG - Retrying getting Latest candle for H4data of Instrument : XTIUSD FalseBrokerTime: 2024-02-19 19:15:42 H4DfLastIndex : 2024-02-19 16:30:00 NowBrokerTime : 2024-02-19 19:15:42
2024-02-19 18:15:43,532 - DEBUG - Retrying getting Latest candle for H4data of Instrument : XTIUSD FalseBrokerTime: 2024-02-19 19:15:42 H4DfLastIndex : 2024-02-19 16:30:00 NowBrokerTime : 2024-02-19 19:15:42
2024-02-19 18:15:43,672 - DEBUG - Retrying getting Latest candle for H4data of Instrument : XTIUSD FalseBrokerTime: 2024-02-19 19:15:42 H4DfLastIndex : 2024-02-19 16:30:00 NowBrokerTime : 2024-02-19 19:15:42
2024-02-19 18:15:44,017 - DEBUG - Retrying getting Latest candle for H4data of Instrument : XTIUSD FalseBrokerTime: 2024-02-19 19:15:42 H4DfLastIndex : 2024-02-19 16:30:00 NowBrokerTime : 2024-02-19 19:15:43
2024-02-19 18:15:44,312 - DEBUG - Retrying getting Latest candle for H4data of Instrument : XTIUSD FalseBrokerTime: 2024-02-19 19:15:42 H4DfLastIndex : 2024-02-19 16:30:00 NowBrokerTime : 2024-02-19 19:15:43
2024-02-19 18:15:55,308 - DEBUG - No entry for signal1 of Instrument : XTIUSD  close : 78.56 at BrokerTime : 2024-02-19 19:15:48
2024-02-19 18:16:05,351 - DEBUG - Function Out of XTIUSD at BrokerTime : 2024-02-19 19:16:04
2024-02-19 18:17:29,605 - DEBUG - Running Event Loop of Instrument:XTIUSD at ServerTime : 2024-02-19 18:17:29.605039  BrokerTime : 2024-02-19 19:17:00  for the New Short Signal Modified by Sourav
2024-02-19 18:17:29,633 - DEBUG - Checking DataFrameLastIndex and BrokerTime of Instrument : XTIUSD BrokerTime: 2024-02-19 19:17:00 H4DfLastIndex : 2024-02-19 16:30:00
2024-02-19 18:17:29,651 - DEBUG - Retrying getting Latest candle for H4data of Instrument : XTIUSD FalseBrokerTime: 2024-02-19 19:17:00 H4DfLastIndex : 2024-02-19 16:30:00 NowBrokerTime : 2024-02-19 19:17:00
2024-02-19 18:17:29,671 - DEBUG - Retrying getting Latest candle for H4data of Instrument : XTIUSD FalseBrokerTime: 2024-02-19 19:17:00 H4DfLastIndex : 2024-02-19 16:30:00 NowBrokerTime : 2024-02-19 19:17:00
2024-02-19 18:17:29,779 - DEBUG - Retrying getting Latest candle for H4data of Instrument : XTIUSD FalseBrokerTime: 2024-02-19 19:17:00 H4DfLastIndex : 2024-02-19 16:30:00 NowBrokerTime : 2024-02-19 19:17:00
2024-02-19 18:17:29,971 - DEBUG - Retrying getting Latest candle for H4data of Instrument : XTIUSD FalseBrokerTime: 2024-02-19 19:17:00 H4DfLastIndex : 2024-02-19 16:30:00 NowBrokerTime : 2024-02-19 19:17:00
2024-02-19 18:17:30,155 - DEBUG - Retrying getting Latest candle for H4data of Instrument : XTIUSD FalseBrokerTime: 2024-02-19 19:17:00 H4DfLastIndex : 2024-02-19 16:30:00 NowBrokerTime : 2024-02-19 19:17:00
2024-02-19 18:17:42,853 - DEBUG - Got Short Indication Candle for signal1 XTIUSD at BrokerTime : 2024-02-19 19:17:33
2024-02-19 18:17:44,628 - DEBUG - 78.56 atr: 0.6333268210293468 
2024-02-19 18:17:45,666 - INFO - Entry at 2024-02-19 19:17:33 for SignalID : XTIUSD_1_Short_Trail  , SL : 128.57999999999998 , TP : 48.58 ,Lotsize : 1.4 , OrderPrice : 78.58 , ATR Value : 0.6333268210293468, comment : Invalid volume Flag : 0 OrderID : 0
2024-02-19 18:17:46,963 - DEBUG - Entry happened for XTIUSD , Checking for Exit.....
2024-02-19 18:18:54,708 - DEBUG - Running Event Loop of Instrument:XTIUSD at ServerTime : 2024-02-19 18:18:54.708630  BrokerTime : 2024-02-19 19:18:50  for the New Short Signal Modified by Sourav
2024-02-19 18:18:54,749 - DEBUG - Checking DataFrameLastIndex and BrokerTime of Instrument : XTIUSD BrokerTime: 2024-02-19 19:18:50 H4DfLastIndex : 2024-02-19 16:30:00
2024-02-19 18:18:54,782 - DEBUG - Retrying getting Latest candle for H4data of Instrument : XTIUSD FalseBrokerTime: 2024-02-19 19:18:50 H4DfLastIndex : 2024-02-19 16:30:00 NowBrokerTime : 2024-02-19 19:18:50
2024-02-19 18:18:54,821 - DEBUG - Retrying getting Latest candle for H4data of Instrument : XTIUSD FalseBrokerTime: 2024-02-19 19:18:50 H4DfLastIndex : 2024-02-19 16:30:00 NowBrokerTime : 2024-02-19 19:18:50
2024-02-19 18:18:54,846 - DEBUG - Retrying getting Latest candle for H4data of Instrument : XTIUSD FalseBrokerTime: 2024-02-19 19:18:50 H4DfLastIndex : 2024-02-19 16:30:00 NowBrokerTime : 2024-02-19 19:18:50
2024-02-19 18:18:55,061 - DEBUG - Retrying getting Latest candle for H4data of Instrument : XTIUSD FalseBrokerTime: 2024-02-19 19:18:50 H4DfLastIndex : 2024-02-19 16:30:00 NowBrokerTime : 2024-02-19 19:18:50
2024-02-19 18:18:55,519 - DEBUG - Retrying getting Latest candle for H4data of Instrument : XTIUSD FalseBrokerTime: 2024-02-19 19:18:50 H4DfLastIndex : 2024-02-19 16:30:00 NowBrokerTime : 2024-02-19 19:18:50
2024-02-19 18:19:08,685 - DEBUG - Got Short Indication Candle for signal1 XTIUSD at BrokerTime : 2024-02-19 19:19:00
2024-02-19 18:19:09,394 - DEBUG - 78.6 atr: 0.6390411067436333 
2024-02-19 18:26:19,276 - DEBUG - Running Event Loop of Instrument:XTIUSD at ServerTime : 2024-02-19 18:26:19.276903  BrokerTime : 2024-02-19 19:26:06  for the New Short Signal Modified by Sourav
2024-02-19 18:26:19,304 - DEBUG - Checking DataFrameLastIndex and BrokerTime of Instrument : XTIUSD BrokerTime: 2024-02-19 19:26:06 H4DfLastIndex : 2024-02-19 16:30:00
2024-02-19 18:26:19,396 - DEBUG - Retrying getting Latest candle for H4data of Instrument : XTIUSD FalseBrokerTime: 2024-02-19 19:26:06 H4DfLastIndex : 2024-02-19 16:30:00 NowBrokerTime : 2024-02-19 19:26:06
2024-02-19 18:26:19,573 - DEBUG - Retrying getting Latest candle for H4data of Instrument : XTIUSD FalseBrokerTime: 2024-02-19 19:26:06 H4DfLastIndex : 2024-02-19 16:30:00 NowBrokerTime : 2024-02-19 19:26:06
2024-02-19 18:26:19,696 - DEBUG - Retrying getting Latest candle for H4data of Instrument : XTIUSD FalseBrokerTime: 2024-02-19 19:26:06 H4DfLastIndex : 2024-02-19 16:30:00 NowBrokerTime : 2024-02-19 19:26:06
2024-02-19 18:26:19,890 - DEBUG - Retrying getting Latest candle for H4data of Instrument : XTIUSD FalseBrokerTime: 2024-02-19 19:26:06 H4DfLastIndex : 2024-02-19 16:30:00 NowBrokerTime : 2024-02-19 19:26:19
2024-02-19 18:26:20,337 - DEBUG - Retrying getting Latest candle for H4data of Instrument : XTIUSD FalseBrokerTime: 2024-02-19 19:26:06 H4DfLastIndex : 2024-02-19 16:30:00 NowBrokerTime : 2024-02-19 19:26:19
2024-02-20 14:57:44,951 - DEBUG - Running Event Loop of Instrument:XTIUSD at ServerTime : 2024-02-20 14:57:44.951829  BrokerTime : 2024-02-20 15:57:43  for the New Short Signal Modified by Sourav
2024-02-20 14:57:44,975 - DEBUG - Checking DataFrameLastIndex and BrokerTime of Instrument : XTIUSD BrokerTime: 2024-02-20 15:57:43 H4DfLastIndex : 2024-02-19 16:30:00
2024-02-20 14:57:53,614 - DEBUG - Got Short Indication Candle for signal1 XTIUSD at BrokerTime : 2024-02-20 15:57:54
2024-02-20 14:57:54,298 - DEBUG - 78.06 atr: 0.6222146245342398 
2024-02-20 15:00:04,157 - DEBUG - Running Event Loop of Instrument:XTIUSD at ServerTime : 2024-02-20 15:00:04.157562  BrokerTime : 2024-02-20 16:00:03  for the New Short Signal Modified by Sourav
2024-02-20 15:00:04,184 - DEBUG - Checking DataFrameLastIndex and BrokerTime of Instrument : XTIUSD BrokerTime: 2024-02-20 16:00:03 H4DfLastIndex : 2024-02-20 12:30:00
2024-02-20 15:00:04,199 - DEBUG - Retrying getting Latest candle for H4data of Instrument : XTIUSD FalseBrokerTime: 2024-02-20 16:00:03 H4DfLastIndex : 2024-02-20 12:30:00 NowBrokerTime : 2024-02-20 16:00:03
2024-02-20 15:00:04,237 - DEBUG - Retrying getting Latest candle for H4data of Instrument : XTIUSD FalseBrokerTime: 2024-02-20 16:00:03 H4DfLastIndex : 2024-02-20 12:30:00 NowBrokerTime : 2024-02-20 16:00:03
2024-02-20 15:00:04,489 - DEBUG - Retrying getting Latest candle for H4data of Instrument : XTIUSD FalseBrokerTime: 2024-02-20 16:00:03 H4DfLastIndex : 2024-02-20 12:30:00 NowBrokerTime : 2024-02-20 16:00:03
2024-02-20 15:00:04,821 - DEBUG - Retrying getting Latest candle for H4data of Instrument : XTIUSD FalseBrokerTime: 2024-02-20 16:00:03 H4DfLastIndex : 2024-02-20 12:30:00 NowBrokerTime : 2024-02-20 16:00:03
2024-02-20 15:00:05,109 - DEBUG - Retrying getting Latest candle for H4data of Instrument : XTIUSD FalseBrokerTime: 2024-02-20 16:00:03 H4DfLastIndex : 2024-02-20 12:30:00 NowBrokerTime : 2024-02-20 16:00:05
2024-02-20 15:00:14,555 - DEBUG - Got Short Indication Candle for signal1 XTIUSD at BrokerTime : 2024-02-20 16:00:14
2024-02-20 15:00:15,130 - DEBUG - 78.13 atr: 0.5197581409299642 
2024-02-20 15:00:16,147 - INFO - Entry at 2024-02-20 16:00:14 for SignalID : XTIUSD_1_Short_Trail  , SL : 50.0 , TP : -30.0 ,Lotsize : 1.41 , OrderPrice : 0.0 , ATR Value : 0.5197581409299642, comment : Invalid volume Flag : 0 OrderID : 0
2024-02-20 15:00:20,580 - DEBUG - Entry happened for XTIUSD , Checking for Exit.....
2024-02-20 15:00:22,231 - ERROR - Error : 'str' object has no attribute 'comment'  When We are Exiting a Trade for XTIUSD
2024-02-20 15:00:22,925 - ERROR - Error : 'str' object has no attribute 'comment'  When We are Exiting a Trade for XTIUSD
2024-02-20 15:00:25,836 - ERROR - Error : 'str' object has no attribute 'comment'  When We are Exiting a Trade for XTIUSD
2024-02-20 15:00:28,528 - ERROR - Error : 'str' object has no attribute 'comment'  When We are Exiting a Trade for XTIUSD
2024-02-20 15:00:30,730 - ERROR - Error : 'str' object has no attribute 'comment'  When We are Exiting a Trade for XTIUSD
2024-02-20 15:00:33,279 - ERROR - Error : 'str' object has no attribute 'comment'  When We are Exiting a Trade for XTIUSD
2024-02-20 15:00:41,326 - ERROR - Error : 'str' object has no attribute 'comment'  When We are Exiting a Trade for XTIUSD
2024-02-20 15:00:47,856 - ERROR - Error : 'str' object has no attribute 'comment'  When We are Exiting a Trade for XTIUSD
2024-02-20 15:00:50,276 - ERROR - Error : 'str' object has no attribute 'comment'  When We are Exiting a Trade for XTIUSD
2024-02-20 15:00:51,256 - ERROR - Error : 'str' object has no attribute 'comment'  When We are Exiting a Trade for XTIUSD
2024-02-20 15:00:53,274 - ERROR - Error : 'str' object has no attribute 'comment'  When We are Exiting a Trade for XTIUSD
2024-02-20 15:00:55,926 - ERROR - Error : 'str' object has no attribute 'comment'  When We are Exiting a Trade for XTIUSD
2024-02-20 15:00:58,422 - ERROR - Error : 'str' object has no attribute 'comment'  When We are Exiting a Trade for XTIUSD
2024-02-20 15:01:02,795 - ERROR - Error : 'str' object has no attribute 'comment'  When We are Exiting a Trade for XTIUSD
2024-02-20 15:01:03,258 - ERROR - Error : 'str' object has no attribute 'comment'  When We are Exiting a Trade for XTIUSD
2024-02-20 15:01:04,835 - ERROR - Error : 'str' object has no attribute 'comment'  When We are Exiting a Trade for XTIUSD
2024-02-20 15:01:06,468 - ERROR - Error : 'str' object has no attribute 'comment'  When We are Exiting a Trade for XTIUSD
2024-02-20 15:01:08,220 - ERROR - Error : 'str' object has no attribute 'comment'  When We are Exiting a Trade for XTIUSD
2024-02-20 15:01:10,862 - ERROR - Error : 'str' object has no attribute 'comment'  When We are Exiting a Trade for XTIUSD
2024-02-20 15:01:15,955 - ERROR - Error : 'str' object has no attribute 'comment'  When We are Exiting a Trade for XTIUSD
2024-02-20 15:01:22,436 - ERROR - Error : 'str' object has no attribute 'comment'  When We are Exiting a Trade for XTIUSD
2024-02-20 15:01:24,688 - ERROR - Error : 'str' object has no attribute 'comment'  When We are Exiting a Trade for XTIUSD
2024-02-20 15:01:26,415 - ERROR - Error : 'str' object has no attribute 'comment'  When We are Exiting a Trade for XTIUSD
2024-02-20 15:01:27,327 - ERROR - Error : 'str' object has no attribute 'comment'  When We are Exiting a Trade for XTIUSD
2024-02-20 15:01:28,583 - ERROR - Error : 'str' object has no attribute 'comment'  When We are Exiting a Trade for XTIUSD
2024-02-20 15:01:32,631 - ERROR - Error : 'str' object has no attribute 'comment'  When We are Exiting a Trade for XTIUSD
2024-02-20 15:01:33,899 - ERROR - Error : 'str' object has no attribute 'comment'  When We are Exiting a Trade for XTIUSD
2024-02-20 15:01:40,964 - ERROR - Error : 'str' object has no attribute 'comment'  When We are Exiting a Trade for XTIUSD
2024-02-20 15:01:41,941 - ERROR - Error : 'str' object has no attribute 'comment'  When We are Exiting a Trade for XTIUSD
2024-02-20 15:01:46,469 - ERROR - Error : 'str' object has no attribute 'comment'  When We are Exiting a Trade for XTIUSD
2024-02-20 15:01:51,934 - ERROR - Error : 'str' object has no attribute 'comment'  When We are Exiting a Trade for XTIUSD
2024-02-20 15:01:53,103 - ERROR - Error : 'str' object has no attribute 'comment'  When We are Exiting a Trade for XTIUSD
2024-02-20 15:01:53,953 - ERROR - Error : 'str' object has no attribute 'comment'  When We are Exiting a Trade for XTIUSD
2024-02-20 15:01:54,593 - ERROR - Error : 'str' object has no attribute 'comment'  When We are Exiting a Trade for XTIUSD
2024-02-20 15:01:55,463 - ERROR - Error : 'str' object has no attribute 'comment'  When We are Exiting a Trade for XTIUSD
2024-02-20 15:01:56,303 - ERROR - Error : 'str' object has no attribute 'comment'  When We are Exiting a Trade for XTIUSD
2024-02-20 15:02:02,903 - ERROR - Error : 'str' object has no attribute 'comment'  When We are Exiting a Trade for XTIUSD
2024-02-20 15:02:04,289 - ERROR - Error : 'str' object has no attribute 'comment'  When We are Exiting a Trade for XTIUSD
2024-02-20 15:02:06,593 - ERROR - Error : 'str' object has no attribute 'comment'  When We are Exiting a Trade for XTIUSD
2024-02-20 15:02:08,183 - ERROR - Error : 'str' object has no attribute 'comment'  When We are Exiting a Trade for XTIUSD
2024-02-20 15:02:10,373 - ERROR - Error : 'str' object has no attribute 'comment'  When We are Exiting a Trade for XTIUSD
2024-02-20 15:02:13,043 - ERROR - Error : 'str' object has no attribute 'comment'  When We are Exiting a Trade for XTIUSD
2024-02-20 15:02:14,361 - ERROR - Error : 'str' object has no attribute 'comment'  When We are Exiting a Trade for XTIUSD
2024-02-20 15:02:15,359 - ERROR - Error : 'str' object has no attribute 'comment'  When We are Exiting a Trade for XTIUSD
2024-02-20 15:02:15,973 - ERROR - Error : 'str' object has no attribute 'comment'  When We are Exiting a Trade for XTIUSD
2024-02-20 15:02:17,123 - ERROR - Error : 'str' object has no attribute 'comment'  When We are Exiting a Trade for XTIUSD
2024-02-20 15:02:18,153 - ERROR - Error : 'str' object has no attribute 'comment'  When We are Exiting a Trade for XTIUSD
2024-02-20 15:02:19,355 - ERROR - Error : 'str' object has no attribute 'comment'  When We are Exiting a Trade for XTIUSD
2024-02-20 15:02:20,203 - ERROR - Error : 'str' object has no attribute 'comment'  When We are Exiting a Trade for XTIUSD
2024-02-20 15:02:21,713 - ERROR - Error : 'str' object has no attribute 'comment'  When We are Exiting a Trade for XTIUSD
2024-02-20 15:02:24,083 - ERROR - Error : 'str' object has no attribute 'comment'  When We are Exiting a Trade for XTIUSD
2024-02-20 15:02:25,493 - ERROR - Error : 'str' object has no attribute 'comment'  When We are Exiting a Trade for XTIUSD
2024-02-20 15:02:26,183 - ERROR - Error : 'str' object has no attribute 'comment'  When We are Exiting a Trade for XTIUSD
2024-02-20 15:02:29,252 - ERROR - Error : 'str' object has no attribute 'comment'  When We are Exiting a Trade for XTIUSD
2024-02-20 15:02:32,017 - ERROR - Error : 'str' object has no attribute 'comment'  When We are Exiting a Trade for XTIUSD
2024-02-20 15:02:36,375 - ERROR - Error : 'str' object has no attribute 'comment'  When We are Exiting a Trade for XTIUSD
2024-02-20 15:02:40,937 - ERROR - Error : 'str' object has no attribute 'comment'  When We are Exiting a Trade for XTIUSD
2024-02-20 15:02:42,704 - ERROR - Error : 'str' object has no attribute 'comment'  When We are Exiting a Trade for XTIUSD
2024-02-20 15:02:45,823 - ERROR - Error : 'str' object has no attribute 'comment'  When We are Exiting a Trade for XTIUSD
2024-02-20 15:02:46,572 - ERROR - Error : 'str' object has no attribute 'comment'  When We are Exiting a Trade for XTIUSD
2024-02-20 15:02:49,087 - ERROR - Error : 'str' object has no attribute 'comment'  When We are Exiting a Trade for XTIUSD
2024-02-20 15:02:50,342 - ERROR - Error : 'str' object has no attribute 'comment'  When We are Exiting a Trade for XTIUSD
2024-02-20 15:02:51,316 - ERROR - Error : 'str' object has no attribute 'comment'  When We are Exiting a Trade for XTIUSD
2024-02-20 15:02:52,072 - ERROR - Error : 'str' object has no attribute 'comment'  When We are Exiting a Trade for XTIUSD
2024-02-20 15:02:52,686 - ERROR - Error : 'str' object has no attribute 'comment'  When We are Exiting a Trade for XTIUSD
2024-02-20 15:02:54,083 - ERROR - Error : 'str' object has no attribute 'comment'  When We are Exiting a Trade for XTIUSD
2024-02-20 15:02:55,034 - ERROR - Error : 'str' object has no attribute 'comment'  When We are Exiting a Trade for XTIUSD
2024-02-20 15:02:56,059 - ERROR - Error : 'str' object has no attribute 'comment'  When We are Exiting a Trade for XTIUSD
2024-02-20 15:02:57,038 - ERROR - Error : 'str' object has no attribute 'comment'  When We are Exiting a Trade for XTIUSD
2024-02-20 15:03:01,106 - ERROR - Error : 'str' object has no attribute 'comment'  When We are Exiting a Trade for XTIUSD
2024-02-20 15:03:03,015 - ERROR - Error : 'str' object has no attribute 'comment'  When We are Exiting a Trade for XTIUSD
2024-02-20 15:03:06,532 - ERROR - Error : 'str' object has no attribute 'comment'  When We are Exiting a Trade for XTIUSD
2024-02-20 15:03:07,578 - ERROR - Error : 'str' object has no attribute 'comment'  When We are Exiting a Trade for XTIUSD
2024-02-20 15:03:08,963 - ERROR - Error : 'str' object has no attribute 'comment'  When We are Exiting a Trade for XTIUSD
2024-02-20 15:03:11,069 - ERROR - Error : 'str' object has no attribute 'comment'  When We are Exiting a Trade for XTIUSD
2024-02-20 15:03:11,674 - ERROR - Error : 'str' object has no attribute 'comment'  When We are Exiting a Trade for XTIUSD
2024-02-20 15:03:12,464 - ERROR - Error : 'str' object has no attribute 'comment'  When We are Exiting a Trade for XTIUSD
2024-02-20 15:03:17,717 - ERROR - Error : 'str' object has no attribute 'comment'  When We are Exiting a Trade for XTIUSD
2024-02-20 15:03:19,439 - ERROR - Error : 'str' object has no attribute 'comment'  When We are Exiting a Trade for XTIUSD
2024-02-20 15:03:21,531 - ERROR - Error : 'str' object has no attribute 'comment'  When We are Exiting a Trade for XTIUSD
2024-02-20 15:03:22,488 - ERROR - Error : 'str' object has no attribute 'comment'  When We are Exiting a Trade for XTIUSD
2024-02-20 15:03:24,758 - ERROR - Error : 'str' object has no attribute 'comment'  When We are Exiting a Trade for XTIUSD
2024-02-20 15:03:26,408 - ERROR - Error : 'str' object has no attribute 'comment'  When We are Exiting a Trade for XTIUSD
2024-02-20 15:03:39,594 - DEBUG - Running Event Loop of Instrument:XTIUSD at ServerTime : 2024-02-20 15:03:39.594935  BrokerTime : 2024-02-20 16:03:35  for the New Short Signal Modified by Sourav
2024-02-20 15:03:39,609 - DEBUG - Checking DataFrameLastIndex and BrokerTime of Instrument : XTIUSD BrokerTime: 2024-02-20 16:03:35 H4DfLastIndex : 2024-02-20 12:30:00
2024-02-20 15:03:39,645 - DEBUG - Retrying getting Latest candle for H4data of Instrument : XTIUSD FalseBrokerTime: 2024-02-20 16:03:35 H4DfLastIndex : 2024-02-20 12:30:00 NowBrokerTime : 2024-02-20 16:03:35
2024-02-20 15:03:39,927 - DEBUG - Retrying getting Latest candle for H4data of Instrument : XTIUSD FalseBrokerTime: 2024-02-20 16:03:35 H4DfLastIndex : 2024-02-20 12:30:00 NowBrokerTime : 2024-02-20 16:03:35
2024-02-20 15:03:40,422 - DEBUG - Retrying getting Latest candle for H4data of Instrument : XTIUSD FalseBrokerTime: 2024-02-20 16:03:35 H4DfLastIndex : 2024-02-20 12:30:00 NowBrokerTime : 2024-02-20 16:03:35
2024-02-20 15:03:40,751 - DEBUG - Retrying getting Latest candle for H4data of Instrument : XTIUSD FalseBrokerTime: 2024-02-20 16:03:35 H4DfLastIndex : 2024-02-20 12:30:00 NowBrokerTime : 2024-02-20 16:03:35
2024-02-20 15:03:40,867 - DEBUG - Retrying getting Latest candle for H4data of Instrument : XTIUSD FalseBrokerTime: 2024-02-20 16:03:35 H4DfLastIndex : 2024-02-20 12:30:00 NowBrokerTime : 2024-02-20 16:03:41
2024-02-20 15:03:50,111 - DEBUG - Got Short Indication Candle for signal1 XTIUSD at BrokerTime : 2024-02-20 16:03:45
2024-02-20 15:03:50,359 - DEBUG - 78.09 atr: 0.5254724266442488 
2024-02-20 15:03:51,414 - INFO - Entry at 2024-02-20 16:03:45 for SignalID : XTIUSD_1_Short_ATR  , SL : 1.0509448532884975 , TP : -1.5764172799327463 ,Lotsize : 44.47 , OrderPrice : 0.0 , ATR Value : 0.5254724266442488, comment : Invalid volume Flag : 2 OrderID : 0
2024-02-20 15:03:53,446 - DEBUG - Entry happened for XTIUSD , Checking for Exit.....
2024-02-20 15:03:56,141 - ERROR - Error : 'str' object has no attribute 'comment'  When We are Exiting a Trade for XTIUSD
2024-02-20 15:03:57,304 - ERROR - Error : 'str' object has no attribute 'comment'  When We are Exiting a Trade for XTIUSD
2024-02-20 15:03:57,919 - ERROR - Error : 'str' object has no attribute 'comment'  When We are Exiting a Trade for XTIUSD
2024-02-20 15:03:58,911 - ERROR - Error : 'str' object has no attribute 'comment'  When We are Exiting a Trade for XTIUSD
2024-02-20 15:04:05,045 - ERROR - Error : 'str' object has no attribute 'comment'  When We are Exiting a Trade for XTIUSD
2024-02-20 15:04:06,161 - ERROR - Error : 'str' object has no attribute 'comment'  When We are Exiting a Trade for XTIUSD
2024-02-20 15:04:07,806 - ERROR - Error : 'str' object has no attribute 'comment'  When We are Exiting a Trade for XTIUSD
2024-02-20 15:04:08,245 - ERROR - Error : 'str' object has no attribute 'comment'  When We are Exiting a Trade for XTIUSD
2024-02-20 15:04:11,891 - ERROR - Error : 'str' object has no attribute 'comment'  When We are Exiting a Trade for XTIUSD
2024-02-20 15:04:13,571 - ERROR - Error : 'str' object has no attribute 'comment'  When We are Exiting a Trade for XTIUSD
2024-02-20 15:04:14,621 - ERROR - Error : 'str' object has no attribute 'comment'  When We are Exiting a Trade for XTIUSD
2024-02-20 15:04:17,081 - ERROR - Error : 'str' object has no attribute 'comment'  When We are Exiting a Trade for XTIUSD
2024-02-20 15:04:20,644 - ERROR - Error : 'str' object has no attribute 'comment'  When We are Exiting a Trade for XTIUSD
2024-02-20 15:04:22,917 - ERROR - Error : 'str' object has no attribute 'comment'  When We are Exiting a Trade for XTIUSD
2024-02-20 15:04:24,915 - ERROR - Error : 'str' object has no attribute 'comment'  When We are Exiting a Trade for XTIUSD
2024-02-20 15:04:26,701 - ERROR - Error : 'str' object has no attribute 'comment'  When We are Exiting a Trade for XTIUSD
2024-02-20 15:04:31,410 - ERROR - Error : 'str' object has no attribute 'comment'  When We are Exiting a Trade for XTIUSD
2024-02-20 15:04:34,954 - ERROR - Error : 'str' object has no attribute 'comment'  When We are Exiting a Trade for XTIUSD
2024-02-20 15:04:35,947 - ERROR - Error : 'str' object has no attribute 'comment'  When We are Exiting a Trade for XTIUSD
2024-02-20 15:04:37,349 - ERROR - Error : 'str' object has no attribute 'comment'  When We are Exiting a Trade for XTIUSD
2024-02-20 15:04:40,894 - ERROR - Error : 'str' object has no attribute 'comment'  When We are Exiting a Trade for XTIUSD
2024-02-20 15:04:43,066 - ERROR - Error : 'str' object has no attribute 'comment'  When We are Exiting a Trade for XTIUSD
2024-02-20 15:04:44,966 - ERROR - Error : 'str' object has no attribute 'comment'  When We are Exiting a Trade for XTIUSD
2024-02-20 15:04:45,951 - ERROR - Error : 'str' object has no attribute 'comment'  When We are Exiting a Trade for XTIUSD
2024-02-20 15:04:46,914 - ERROR - Error : 'str' object has no attribute 'comment'  When We are Exiting a Trade for XTIUSD
2024-02-20 15:04:47,825 - ERROR - Error : 'str' object has no attribute 'comment'  When We are Exiting a Trade for XTIUSD
2024-02-20 15:04:50,105 - ERROR - Error : 'str' object has no attribute 'comment'  When We are Exiting a Trade for XTIUSD
2024-02-20 15:04:52,942 - ERROR - Error : 'str' object has no attribute 'comment'  When We are Exiting a Trade for XTIUSD
2024-02-20 15:04:54,587 - ERROR - Error : 'str' object has no attribute 'comment'  When We are Exiting a Trade for XTIUSD
2024-02-20 15:05:04,843 - ERROR - Error : 'str' object has no attribute 'comment'  When We are Exiting a Trade for XTIUSD
2024-02-20 15:05:07,536 - ERROR - Error : 'str' object has no attribute 'comment'  When We are Exiting a Trade for XTIUSD
2024-02-20 15:05:15,247 - ERROR - Error : 'str' object has no attribute 'comment'  When We are Exiting a Trade for XTIUSD
2024-02-20 15:05:17,474 - ERROR - Error : 'str' object has no attribute 'comment'  When We are Exiting a Trade for XTIUSD
2024-02-20 15:05:22,478 - ERROR - Error : 'str' object has no attribute 'comment'  When We are Exiting a Trade for XTIUSD
2024-02-20 15:05:23,878 - ERROR - Error : 'str' object has no attribute 'comment'  When We are Exiting a Trade for XTIUSD
2024-02-20 15:05:26,775 - ERROR - Error : 'str' object has no attribute 'comment'  When We are Exiting a Trade for XTIUSD
2024-02-20 15:05:27,706 - ERROR - Error : 'str' object has no attribute 'comment'  When We are Exiting a Trade for XTIUSD
2024-02-20 15:05:34,859 - ERROR - Error : 'str' object has no attribute 'comment'  When We are Exiting a Trade for XTIUSD
2024-02-20 15:05:39,790 - ERROR - Error : 'str' object has no attribute 'comment'  When We are Exiting a Trade for XTIUSD
2024-02-20 15:05:45,480 - ERROR - Error : 'str' object has no attribute 'comment'  When We are Exiting a Trade for XTIUSD
2024-02-20 15:05:51,100 - ERROR - Error : 'str' object has no attribute 'comment'  When We are Exiting a Trade for XTIUSD
2024-02-20 15:05:51,640 - ERROR - Error : 'str' object has no attribute 'comment'  When We are Exiting a Trade for XTIUSD
2024-02-20 15:05:54,565 - ERROR - Error : 'str' object has no attribute 'comment'  When We are Exiting a Trade for XTIUSD
2024-02-20 15:05:55,364 - ERROR - Error : 'str' object has no attribute 'comment'  When We are Exiting a Trade for XTIUSD
2024-02-20 15:05:59,195 - ERROR - Error : 'str' object has no attribute 'comment'  When We are Exiting a Trade for XTIUSD
2024-02-20 15:06:01,472 - ERROR - Error : 'str' object has no attribute 'comment'  When We are Exiting a Trade for XTIUSD
2024-02-20 15:06:02,764 - ERROR - Error : 'str' object has no attribute 'comment'  When We are Exiting a Trade for XTIUSD
2024-02-20 15:06:03,780 - ERROR - Error : 'str' object has no attribute 'comment'  When We are Exiting a Trade for XTIUSD
2024-02-20 15:06:04,890 - ERROR - Error : 'str' object has no attribute 'comment'  When We are Exiting a Trade for XTIUSD
2024-02-20 15:06:06,775 - ERROR - Error : 'str' object has no attribute 'comment'  When We are Exiting a Trade for XTIUSD
2024-02-20 15:06:10,490 - ERROR - Error : 'str' object has no attribute 'comment'  When We are Exiting a Trade for XTIUSD
2024-02-20 15:06:13,449 - ERROR - Error : 'str' object has no attribute 'comment'  When We are Exiting a Trade for XTIUSD
2024-02-20 15:06:14,070 - ERROR - Error : 'str' object has no attribute 'comment'  When We are Exiting a Trade for XTIUSD
2024-02-20 15:06:16,022 - ERROR - Error : 'str' object has no attribute 'comment'  When We are Exiting a Trade for XTIUSD
2024-02-20 15:06:17,359 - ERROR - Error : 'str' object has no attribute 'comment'  When We are Exiting a Trade for XTIUSD
2024-02-20 15:06:19,604 - ERROR - Error : 'str' object has no attribute 'comment'  When We are Exiting a Trade for XTIUSD
2024-02-20 15:06:20,987 - ERROR - Error : 'str' object has no attribute 'comment'  When We are Exiting a Trade for XTIUSD
2024-02-20 15:06:22,645 - ERROR - Error : 'str' object has no attribute 'comment'  When We are Exiting a Trade for XTIUSD
2024-02-20 15:06:25,086 - ERROR - Error : 'str' object has no attribute 'comment'  When We are Exiting a Trade for XTIUSD
2024-02-20 15:06:28,915 - ERROR - Error : 'str' object has no attribute 'comment'  When We are Exiting a Trade for XTIUSD
2024-02-20 15:06:33,247 - ERROR - Error : 'str' object has no attribute 'comment'  When We are Exiting a Trade for XTIUSD
2024-02-20 15:06:37,086 - ERROR - Error : 'str' object has no attribute 'comment'  When We are Exiting a Trade for XTIUSD
2024-02-20 15:06:38,313 - ERROR - Error : 'str' object has no attribute 'comment'  When We are Exiting a Trade for XTIUSD
2024-02-20 15:06:40,197 - ERROR - Error : 'str' object has no attribute 'comment'  When We are Exiting a Trade for XTIUSD
2024-02-20 15:06:41,665 - ERROR - Error : 'str' object has no attribute 'comment'  When We are Exiting a Trade for XTIUSD
2024-02-20 15:06:42,427 - ERROR - Error : 'str' object has no attribute 'comment'  When We are Exiting a Trade for XTIUSD
2024-02-20 15:06:43,346 - ERROR - Error : 'str' object has no attribute 'comment'  When We are Exiting a Trade for XTIUSD
2024-02-20 15:06:44,247 - ERROR - Error : 'str' object has no attribute 'comment'  When We are Exiting a Trade for XTIUSD
2024-02-20 15:06:45,584 - ERROR - Error : 'str' object has no attribute 'comment'  When We are Exiting a Trade for XTIUSD
2024-02-20 15:06:51,425 - ERROR - Error : 'str' object has no attribute 'comment'  When We are Exiting a Trade for XTIUSD
2024-02-20 15:06:54,710 - ERROR - Error : 'str' object has no attribute 'comment'  When We are Exiting a Trade for XTIUSD
2024-02-20 15:06:55,815 - ERROR - Error : 'str' object has no attribute 'comment'  When We are Exiting a Trade for XTIUSD
2024-02-20 15:06:56,680 - ERROR - Error : 'str' object has no attribute 'comment'  When We are Exiting a Trade for XTIUSD
2024-02-20 15:06:58,090 - ERROR - Error : 'str' object has no attribute 'comment'  When We are Exiting a Trade for XTIUSD
2024-02-20 15:07:00,777 - ERROR - Error : 'str' object has no attribute 'comment'  When We are Exiting a Trade for XTIUSD
2024-02-20 15:07:01,737 - ERROR - Error : 'str' object has no attribute 'comment'  When We are Exiting a Trade for XTIUSD
2024-02-20 15:07:03,857 - ERROR - Error : 'str' object has no attribute 'comment'  When We are Exiting a Trade for XTIUSD
2024-02-20 15:07:06,383 - ERROR - Error : 'str' object has no attribute 'comment'  When We are Exiting a Trade for XTIUSD
2024-02-20 15:07:07,360 - ERROR - Error : 'str' object has no attribute 'comment'  When We are Exiting a Trade for XTIUSD
2024-02-20 15:07:10,905 - ERROR - Error : 'str' object has no attribute 'comment'  When We are Exiting a Trade for XTIUSD
2024-02-20 15:07:12,887 - ERROR - Error : 'str' object has no attribute 'comment'  When We are Exiting a Trade for XTIUSD
2024-02-20 15:07:14,196 - ERROR - Error : 'str' object has no attribute 'comment'  When We are Exiting a Trade for XTIUSD
2024-02-20 15:07:16,009 - ERROR - Error : 'str' object has no attribute 'comment'  When We are Exiting a Trade for XTIUSD
2024-02-20 15:07:17,634 - ERROR - Error : 'str' object has no attribute 'comment'  When We are Exiting a Trade for XTIUSD
2024-02-20 15:07:19,305 - ERROR - Error : 'str' object has no attribute 'comment'  When We are Exiting a Trade for XTIUSD
2024-02-20 15:07:20,254 - ERROR - Error : 'str' object has no attribute 'comment'  When We are Exiting a Trade for XTIUSD
2024-02-20 15:07:22,596 - ERROR - Error : 'str' object has no attribute 'comment'  When We are Exiting a Trade for XTIUSD
2024-02-20 15:07:24,514 - ERROR - Error : 'str' object has no attribute 'comment'  When We are Exiting a Trade for XTIUSD
2024-02-20 15:07:27,070 - ERROR - Error : 'str' object has no attribute 'comment'  When We are Exiting a Trade for XTIUSD
2024-02-20 15:07:29,643 - ERROR - Error : 'str' object has no attribute 'comment'  When We are Exiting a Trade for XTIUSD
2024-02-20 15:07:31,794 - ERROR - Error : 'str' object has no attribute 'comment'  When We are Exiting a Trade for XTIUSD
2024-02-20 15:07:33,561 - ERROR - Error : 'str' object has no attribute 'comment'  When We are Exiting a Trade for XTIUSD
2024-02-20 15:07:34,859 - ERROR - Error : 'str' object has no attribute 'comment'  When We are Exiting a Trade for XTIUSD
2024-02-20 15:07:36,368 - ERROR - Error : 'str' object has no attribute 'comment'  When We are Exiting a Trade for XTIUSD
2024-02-20 15:07:37,534 - ERROR - Error : 'str' object has no attribute 'comment'  When We are Exiting a Trade for XTIUSD
2024-02-20 15:07:38,556 - ERROR - Error : 'str' object has no attribute 'comment'  When We are Exiting a Trade for XTIUSD
2024-02-20 15:07:41,225 - ERROR - Error : 'str' object has no attribute 'comment'  When We are Exiting a Trade for XTIUSD
2024-02-20 15:07:42,857 - ERROR - Error : 'str' object has no attribute 'comment'  When We are Exiting a Trade for XTIUSD
2024-02-20 15:07:45,285 - ERROR - Error : 'str' object has no attribute 'comment'  When We are Exiting a Trade for XTIUSD
2024-02-20 15:08:03,557 - DEBUG - Running Event Loop of Instrument:XTIUSD at ServerTime : 2024-02-20 15:08:03.557405  BrokerTime : 2024-02-20 16:08:02  for the New Short Signal Modified by Sourav
2024-02-20 15:08:03,576 - DEBUG - Checking DataFrameLastIndex and BrokerTime of Instrument : XTIUSD BrokerTime: 2024-02-20 16:08:02 H4DfLastIndex : 2024-02-20 12:30:00
2024-02-20 15:08:03,889 - DEBUG - Retrying getting Latest candle for H4data of Instrument : XTIUSD FalseBrokerTime: 2024-02-20 16:08:02 H4DfLastIndex : 2024-02-20 12:30:00 NowBrokerTime : 2024-02-20 16:08:02
2024-02-20 15:08:04,299 - DEBUG - Retrying getting Latest candle for H4data of Instrument : XTIUSD FalseBrokerTime: 2024-02-20 16:08:02 H4DfLastIndex : 2024-02-20 12:30:00 NowBrokerTime : 2024-02-20 16:08:04
2024-02-20 15:08:04,689 - DEBUG - Retrying getting Latest candle for H4data of Instrument : XTIUSD FalseBrokerTime: 2024-02-20 16:08:02 H4DfLastIndex : 2024-02-20 12:30:00 NowBrokerTime : 2024-02-20 16:08:05
2024-02-20 15:08:04,852 - DEBUG - Retrying getting Latest candle for H4data of Instrument : XTIUSD FalseBrokerTime: 2024-02-20 16:08:02 H4DfLastIndex : 2024-02-20 12:30:00 NowBrokerTime : 2024-02-20 16:08:05
2024-02-20 15:08:04,974 - DEBUG - Retrying getting Latest candle for H4data of Instrument : XTIUSD FalseBrokerTime: 2024-02-20 16:08:02 H4DfLastIndex : 2024-02-20 12:30:00 NowBrokerTime : 2024-02-20 16:08:05
2024-02-20 15:08:11,842 - DEBUG - Got Short Indication Candle for signal1 XTIUSD at BrokerTime : 2024-02-20 16:08:05
2024-02-20 15:08:12,182 - DEBUG - 77.96 atr: 0.546900998072821 
2024-02-20 15:13:15,101 - DEBUG - Running Event Loop of Instrument:XTIUSD at ServerTime : 2024-02-20 15:13:15.101712  BrokerTime : 2024-02-20 16:13:11  for the New Short Signal Modified by Sourav
2024-02-20 15:13:15,109 - DEBUG - Checking DataFrameLastIndex and BrokerTime of Instrument : XTIUSD BrokerTime: 2024-02-20 16:13:11 H4DfLastIndex : 2024-02-20 12:30:00
2024-02-20 15:13:15,212 - DEBUG - Retrying getting Latest candle for H4data of Instrument : XTIUSD FalseBrokerTime: 2024-02-20 16:13:11 H4DfLastIndex : 2024-02-20 12:30:00 NowBrokerTime : 2024-02-20 16:13:11
2024-02-20 15:13:15,274 - DEBUG - Retrying getting Latest candle for H4data of Instrument : XTIUSD FalseBrokerTime: 2024-02-20 16:13:11 H4DfLastIndex : 2024-02-20 12:30:00 NowBrokerTime : 2024-02-20 16:13:11
2024-02-20 15:13:15,412 - DEBUG - Retrying getting Latest candle for H4data of Instrument : XTIUSD FalseBrokerTime: 2024-02-20 16:13:11 H4DfLastIndex : 2024-02-20 12:30:00 NowBrokerTime : 2024-02-20 16:13:11
2024-02-20 15:13:15,600 - DEBUG - Retrying getting Latest candle for H4data of Instrument : XTIUSD FalseBrokerTime: 2024-02-20 16:13:11 H4DfLastIndex : 2024-02-20 12:30:00 NowBrokerTime : 2024-02-20 16:13:11
2024-02-20 15:13:15,722 - DEBUG - Retrying getting Latest candle for H4data of Instrument : XTIUSD FalseBrokerTime: 2024-02-20 16:13:11 H4DfLastIndex : 2024-02-20 12:30:00 NowBrokerTime : 2024-02-20 16:13:11
2024-02-20 15:13:24,027 - DEBUG - Got Short Indication Candle for signal1 XTIUSD at BrokerTime : 2024-02-20 16:13:11
2024-02-20 15:13:24,288 - DEBUG - 77.96 atr: 0.546900998072821 
2024-02-20 15:15:05,691 - DEBUG - Running Event Loop of Instrument:XTIUSD at ServerTime : 2024-02-20 15:15:05.691622  BrokerTime : 2024-02-20 16:15:02  for the New Short Signal Modified by Sourav
2024-02-20 15:15:05,709 - DEBUG - Checking DataFrameLastIndex and BrokerTime of Instrument : XTIUSD BrokerTime: 2024-02-20 16:15:02 H4DfLastIndex : 2024-02-20 12:30:00
2024-02-20 15:15:05,735 - DEBUG - Retrying getting Latest candle for H4data of Instrument : XTIUSD FalseBrokerTime: 2024-02-20 16:15:02 H4DfLastIndex : 2024-02-20 12:30:00 NowBrokerTime : 2024-02-20 16:15:02
2024-02-20 15:15:05,760 - DEBUG - Retrying getting Latest candle for H4data of Instrument : XTIUSD FalseBrokerTime: 2024-02-20 16:15:02 H4DfLastIndex : 2024-02-20 12:30:00 NowBrokerTime : 2024-02-20 16:15:02
2024-02-20 15:15:05,967 - DEBUG - Retrying getting Latest candle for H4data of Instrument : XTIUSD FalseBrokerTime: 2024-02-20 16:15:02 H4DfLastIndex : 2024-02-20 12:30:00 NowBrokerTime : 2024-02-20 16:15:02
2024-02-20 15:15:06,106 - DEBUG - Retrying getting Latest candle for H4data of Instrument : XTIUSD FalseBrokerTime: 2024-02-20 16:15:02 H4DfLastIndex : 2024-02-20 12:30:00 NowBrokerTime : 2024-02-20 16:15:02
2024-02-20 15:15:06,322 - DEBUG - Retrying getting Latest candle for H4data of Instrument : XTIUSD FalseBrokerTime: 2024-02-20 16:15:02 H4DfLastIndex : 2024-02-20 12:30:00 NowBrokerTime : 2024-02-20 16:15:02
2024-02-20 15:15:16,004 - DEBUG - Got Short Indication Candle for signal1 XTIUSD at BrokerTime : 2024-02-20 16:15:13
2024-02-20 15:15:16,302 - DEBUG - 77.91 atr: 0.5526152837871056 
2024-02-20 15:33:05,336 - DEBUG - Running Event Loop of Instrument:XTIUSD at ServerTime : 2024-02-20 15:33:05.336064  BrokerTime : 2024-02-20 16:33:04  for the New Short Signal Modified by Sourav
2024-02-20 15:33:05,465 - DEBUG - Checking DataFrameLastIndex and BrokerTime of Instrument : XTIUSD BrokerTime: 2024-02-20 16:33:04 H4DfLastIndex : 2024-02-20 16:30:00
2024-02-20 15:33:12,264 - DEBUG - Got Short Indication Candle for signal1 XTIUSD at BrokerTime : 2024-02-20 16:33:11
2024-02-20 15:33:12,534 - DEBUG - 77.83 atr: 0.5711867123585356 
2024-02-20 15:33:13,794 - INFO - Entry at 2024-02-20 16:33:11 for SignalID : XTIUSD_1_Short_ATR  , SL : 79.01237342471707 , TP : 76.1564398629244 ,Lotsize : 1.0 , OrderPrice : 77.87 , ATR Value : 0.5711867123585356, comment : Request executed Flag : 2 OrderID : 34498170
2024-02-20 15:33:16,550 - DEBUG - Entry happened for XTIUSD , Checking for Exit.....
2024-02-20 15:39:03,831 - DEBUG - Running Event Loop of Instrument:XTIUSD at ServerTime : 2024-02-20 15:39:03.831723  BrokerTime : 2024-02-20 16:39:03  for the New Short Signal Modified by Sourav
2024-02-20 15:39:03,911 - DEBUG - Checking DataFrameLastIndex and BrokerTime of Instrument : XTIUSD BrokerTime: 2024-02-20 16:39:03 H4DfLastIndex : 2024-02-20 16:30:00
2024-02-20 15:39:11,703 - DEBUG - Got Short Indication Candle for signal1 XTIUSD at BrokerTime : 2024-02-20 16:39:12
2024-02-20 15:39:12,005 - DEBUG - 77.83 atr: 0.5711867123585356 
2024-02-20 15:39:13,273 - INFO - Entry at 2024-02-20 16:39:12 for SignalID : XTIUSD_1_Short_ATR  , SL : 79.03237342471706 , TP : 76.1764398629244 ,Lotsize : 1.0 , OrderPrice : 77.89 , ATR Value : 0.5711867123585356, comment : Request executed Flag : 2 OrderID : 34498355
2024-02-20 15:39:16,098 - DEBUG - Entry happened for XTIUSD , Checking for Exit.....
2024-02-20 18:14:32,876 - DEBUG - Running Event Loop of Instrument:XTIUSD at ServerTime : 2024-02-20 18:14:32.876351  BrokerTime : 2024-02-20 19:14:31  for the New Short Signal Modified by Sourav
2024-02-20 18:14:33,457 - DEBUG - Checking DataFrameLastIndex and BrokerTime of Instrument : XTIUSD BrokerTime: 2024-02-20 19:14:31 H4DfLastIndex : 2024-02-20 16:30:00
2024-02-20 18:14:33,809 - DEBUG - Retrying getting Latest candle for H4data of Instrument : XTIUSD FalseBrokerTime: 2024-02-20 19:14:31 H4DfLastIndex : 2024-02-20 16:30:00 NowBrokerTime : 2024-02-20 19:14:31
2024-02-20 18:14:34,110 - DEBUG - Retrying getting Latest candle for H4data of Instrument : XTIUSD FalseBrokerTime: 2024-02-20 19:14:31 H4DfLastIndex : 2024-02-20 16:30:00 NowBrokerTime : 2024-02-20 19:14:31
2024-02-20 18:14:34,408 - DEBUG - Retrying getting Latest candle for H4data of Instrument : XTIUSD FalseBrokerTime: 2024-02-20 19:14:31 H4DfLastIndex : 2024-02-20 16:30:00 NowBrokerTime : 2024-02-20 19:14:31
2024-02-20 18:14:34,771 - DEBUG - Retrying getting Latest candle for H4data of Instrument : XTIUSD FalseBrokerTime: 2024-02-20 19:14:31 H4DfLastIndex : 2024-02-20 16:30:00 NowBrokerTime : 2024-02-20 19:14:31
2024-02-20 18:14:34,939 - DEBUG - Retrying getting Latest candle for H4data of Instrument : XTIUSD FalseBrokerTime: 2024-02-20 19:14:31 H4DfLastIndex : 2024-02-20 16:30:00 NowBrokerTime : 2024-02-20 19:14:31
2024-02-20 18:14:42,397 - DEBUG - Got Short Indication Candle for signal1 XTIUSD at BrokerTime : 2024-02-20 19:14:39
2024-02-20 18:14:43,206 - DEBUG - 77.61 atr: 0.5695886105930308 
2024-02-20 18:14:44,485 - INFO - Entry at 2024-02-20 19:14:39 for SignalID : XTIUSD_1_Short_ATR  , SL : 78.73917722118605 , TP : 75.8912341682209 ,Lotsize : 1.0 , OrderPrice : 77.6 , ATR Value : 0.5695886105930308, comment : Request executed Flag : 2 OrderID : 34505401
2024-02-20 18:14:46,553 - DEBUG - Entry happened for XTIUSD , Checking for Exit.....
